[0.125s] DEBUG:colcon:Command line arguments: ['/usr/bin/colcon', 'build']
[0.125s] DEBUG:colcon:Parsed command line arguments: Namespace(log_base=None, log_level=None, verb_name='build', build_base='build', install_base='install', merge_install=False, symlink_install=False, test_result_base=None, continue_on_error=False, executor='parallel', parallel_workers=8, event_handlers=None, ignore_user_meta=False, metas=['./colcon.meta'], base_paths=['.'], packages_ignore=None, packages_ignore_regex=None, paths=None, packages_up_to=None, packages_up_to_regex=None, packages_above=None, packages_above_and_dependencies=None, packages_above_depth=None, packages_select_by_dep=None, packages_skip_by_dep=None, packages_skip_up_to=None, packages_select_build_failed=False, packages_skip_build_finished=False, packages_select_test_failures=False, packages_skip_test_passed=False, packages_select=None, packages_skip=None, packages_select_regex=None, packages_skip_regex=None, packages_start=None, packages_end=None, allow_overriding=[], cmake_args=None, cmake_target=None, cmake_target_skip_unavailable=False, cmake_clean_cache=False, cmake_clean_first=False, cmake_force_configure=False, ament_cmake_args=None, catkin_cmake_args=None, catkin_skip_building_tests=False, mixin_files=None, mixin=None, verb_parser=<colcon_mixin.mixin.mixin_argument.MixinArgumentDecorator object at 0x74ab94794530>, verb_extension=<colcon_core.verb.build.BuildVerb object at 0x74ab948be4b0>, main=<bound method BuildVerb.main of <colcon_core.verb.build.BuildVerb object at 0x74ab948be4b0>>, mixin_verb=('build',))
[0.170s] Level 1:colcon.colcon_core.package_discovery:discover_packages(colcon_meta) check parameters
[0.170s] Level 1:colcon.colcon_core.package_discovery:discover_packages(recursive) check parameters
[0.170s] Level 1:colcon.colcon_core.package_discovery:discover_packages(ignore) check parameters
[0.170s] Level 1:colcon.colcon_core.package_discovery:discover_packages(path) check parameters
[0.170s] Level 1:colcon.colcon_core.package_discovery:discover_packages(colcon_meta) discover
[0.170s] Level 1:colcon.colcon_core.package_discovery:discover_packages(recursive) discover
[0.170s] INFO:colcon.colcon_core.package_discovery:Crawling recursively for packages in '/home/stanislav/cobot_ws'
[0.170s] Level 1:colcon.colcon_core.package_identification:_identify(.) by extensions ['ignore', 'ignore_ament_install']
[0.170s] Level 1:colcon.colcon_core.package_identification:_identify(.) by extension 'ignore'
[0.170s] Level 1:colcon.colcon_core.package_identification:_identify(.) by extension 'ignore_ament_install'
[0.170s] Level 1:colcon.colcon_core.package_identification:_identify(.) by extensions ['colcon_pkg']
[0.171s] Level 1:colcon.colcon_core.package_identification:_identify(.) by extension 'colcon_pkg'
[0.171s] Level 1:colcon.colcon_core.package_identification:_identify(.) by extensions ['colcon_meta']
[0.171s] Level 1:colcon.colcon_core.package_identification:_identify(.) by extension 'colcon_meta'
[0.171s] Level 1:colcon.colcon_core.package_identification:_identify(.) by extensions ['ros']
[0.171s] Level 1:colcon.colcon_core.package_identification:_identify(.) by extension 'ros'
[0.200s] Level 1:colcon.colcon_core.package_identification:_identify(.) by extensions ['cmake', 'python']
[0.200s] Level 1:colcon.colcon_core.package_identification:_identify(.) by extension 'cmake'
[0.200s] Level 1:colcon.colcon_core.package_identification:_identify(.) by extension 'python'
[0.200s] Level 1:colcon.colcon_core.package_identification:_identify(.) by extensions ['python_setup_py']
[0.200s] Level 1:colcon.colcon_core.package_identification:_identify(.) by extension 'python_setup_py'
[0.200s] Level 1:colcon.colcon_core.package_identification:_identify(build) by extensions ['ignore', 'ignore_ament_install']
[0.200s] Level 1:colcon.colcon_core.package_identification:_identify(build) by extension 'ignore'
[0.200s] Level 1:colcon.colcon_core.package_identification:_identify(build) ignored
[0.201s] Level 1:colcon.colcon_core.package_identification:_identify(install) by extensions ['ignore', 'ignore_ament_install']
[0.201s] Level 1:colcon.colcon_core.package_identification:_identify(install) by extension 'ignore'
[0.201s] Level 1:colcon.colcon_core.package_identification:_identify(install) ignored
[0.201s] Level 1:colcon.colcon_core.package_identification:_identify(log) by extensions ['ignore', 'ignore_ament_install']
[0.201s] Level 1:colcon.colcon_core.package_identification:_identify(log) by extension 'ignore'
[0.201s] Level 1:colcon.colcon_core.package_identification:_identify(log) ignored
[0.201s] Level 1:colcon.colcon_core.package_identification:_identify(src) by extensions ['ignore', 'ignore_ament_install']
[0.201s] Level 1:colcon.colcon_core.package_identification:_identify(src) by extension 'ignore'
[0.201s] Level 1:colcon.colcon_core.package_identification:_identify(src) by extension 'ignore_ament_install'
[0.201s] Level 1:colcon.colcon_core.package_identification:_identify(src) by extensions ['colcon_pkg']
[0.201s] Level 1:colcon.colcon_core.package_identification:_identify(src) by extension 'colcon_pkg'
[0.201s] Level 1:colcon.colcon_core.package_identification:_identify(src) by extensions ['colcon_meta']
[0.201s] Level 1:colcon.colcon_core.package_identification:_identify(src) by extension 'colcon_meta'
[0.201s] Level 1:colcon.colcon_core.package_identification:_identify(src) by extensions ['ros']
[0.201s] Level 1:colcon.colcon_core.package_identification:_identify(src) by extension 'ros'
[0.201s] Level 1:colcon.colcon_core.package_identification:_identify(src) by extensions ['cmake', 'python']
[0.201s] Level 1:colcon.colcon_core.package_identification:_identify(src) by extension 'cmake'
[0.202s] Level 1:colcon.colcon_core.package_identification:_identify(src) by extension 'python'
[0.202s] Level 1:colcon.colcon_core.package_identification:_identify(src) by extensions ['python_setup_py']
[0.202s] Level 1:colcon.colcon_core.package_identification:_identify(src) by extension 'python_setup_py'
[0.202s] Level 1:colcon.colcon_core.package_identification:_identify(src/cobot_bringup) by extensions ['ignore', 'ignore_ament_install']
[0.202s] Level 1:colcon.colcon_core.package_identification:_identify(src/cobot_bringup) by extension 'ignore'
[0.202s] Level 1:colcon.colcon_core.package_identification:_identify(src/cobot_bringup) by extension 'ignore_ament_install'
[0.202s] Level 1:colcon.colcon_core.package_identification:_identify(src/cobot_bringup) by extensions ['colcon_pkg']
[0.202s] Level 1:colcon.colcon_core.package_identification:_identify(src/cobot_bringup) by extension 'colcon_pkg'
[0.202s] Level 1:colcon.colcon_core.package_identification:_identify(src/cobot_bringup) by extensions ['colcon_meta']
[0.202s] Level 1:colcon.colcon_core.package_identification:_identify(src/cobot_bringup) by extension 'colcon_meta'
[0.202s] Level 1:colcon.colcon_core.package_identification:_identify(src/cobot_bringup) by extensions ['ros']
[0.202s] Level 1:colcon.colcon_core.package_identification:_identify(src/cobot_bringup) by extension 'ros'
[0.205s] DEBUG:colcon.colcon_core.package_identification:Package 'src/cobot_bringup' with type 'ros.ament_python' and name 'cobot_bringup'
[0.205s] Level 1:colcon.colcon_core.package_identification:_identify(src/cobot_description) by extensions ['ignore', 'ignore_ament_install']
[0.205s] Level 1:colcon.colcon_core.package_identification:_identify(src/cobot_description) by extension 'ignore'
[0.205s] Level 1:colcon.colcon_core.package_identification:_identify(src/cobot_description) by extension 'ignore_ament_install'
[0.205s] Level 1:colcon.colcon_core.package_identification:_identify(src/cobot_description) by extensions ['colcon_pkg']
[0.205s] Level 1:colcon.colcon_core.package_identification:_identify(src/cobot_description) by extension 'colcon_pkg'
[0.205s] Level 1:colcon.colcon_core.package_identification:_identify(src/cobot_description) by extensions ['colcon_meta']
[0.205s] Level 1:colcon.colcon_core.package_identification:_identify(src/cobot_description) by extension 'colcon_meta'
[0.205s] Level 1:colcon.colcon_core.package_identification:_identify(src/cobot_description) by extensions ['ros']
[0.205s] Level 1:colcon.colcon_core.package_identification:_identify(src/cobot_description) by extension 'ros'
[0.206s] DEBUG:colcon.colcon_core.package_identification:Package 'src/cobot_description' with type 'ros.ament_python' and name 'cobot_description'
[0.206s] Level 1:colcon.colcon_core.package_identification:_identify(src/cobot_driver) by extensions ['ignore', 'ignore_ament_install']
[0.206s] Level 1:colcon.colcon_core.package_identification:_identify(src/cobot_driver) by extension 'ignore'
[0.206s] Level 1:colcon.colcon_core.package_identification:_identify(src/cobot_driver) by extension 'ignore_ament_install'
[0.206s] Level 1:colcon.colcon_core.package_identification:_identify(src/cobot_driver) by extensions ['colcon_pkg']
[0.206s] Level 1:colcon.colcon_core.package_identification:_identify(src/cobot_driver) by extension 'colcon_pkg'
[0.206s] Level 1:colcon.colcon_core.package_identification:_identify(src/cobot_driver) by extensions ['colcon_meta']
[0.206s] Level 1:colcon.colcon_core.package_identification:_identify(src/cobot_driver) by extension 'colcon_meta'
[0.206s] Level 1:colcon.colcon_core.package_identification:_identify(src/cobot_driver) by extensions ['ros']
[0.206s] Level 1:colcon.colcon_core.package_identification:_identify(src/cobot_driver) by extension 'ros'
[0.207s] DEBUG:colcon.colcon_core.package_identification:Package 'src/cobot_driver' with type 'ros.ament_python' and name 'cobot_driver'
[0.207s] Level 1:colcon.colcon_core.package_identification:_identify(src/cobot_hardware) by extensions ['ignore', 'ignore_ament_install']
[0.207s] Level 1:colcon.colcon_core.package_identification:_identify(src/cobot_hardware) by extension 'ignore'
[0.207s] Level 1:colcon.colcon_core.package_identification:_identify(src/cobot_hardware) by extension 'ignore_ament_install'
[0.207s] Level 1:colcon.colcon_core.package_identification:_identify(src/cobot_hardware) by extensions ['colcon_pkg']
[0.207s] Level 1:colcon.colcon_core.package_identification:_identify(src/cobot_hardware) by extension 'colcon_pkg'
[0.207s] Level 1:colcon.colcon_core.package_identification:_identify(src/cobot_hardware) by extensions ['colcon_meta']
[0.207s] Level 1:colcon.colcon_core.package_identification:_identify(src/cobot_hardware) by extension 'colcon_meta'
[0.207s] Level 1:colcon.colcon_core.package_identification:_identify(src/cobot_hardware) by extensions ['ros']
[0.207s] Level 1:colcon.colcon_core.package_identification:_identify(src/cobot_hardware) by extension 'ros'
[0.208s] DEBUG:colcon.colcon_core.package_identification:Package 'src/cobot_hardware' with type 'ros.ament_python' and name 'cobot_hardware'
[0.208s] Level 1:colcon.colcon_core.package_identification:_identify(src/cobot_moveit_config) by extensions ['ignore', 'ignore_ament_install']
[0.208s] Level 1:colcon.colcon_core.package_identification:_identify(src/cobot_moveit_config) by extension 'ignore'
[0.208s] Level 1:colcon.colcon_core.package_identification:_identify(src/cobot_moveit_config) by extension 'ignore_ament_install'
[0.208s] Level 1:colcon.colcon_core.package_identification:_identify(src/cobot_moveit_config) by extensions ['colcon_pkg']
[0.208s] Level 1:colcon.colcon_core.package_identification:_identify(src/cobot_moveit_config) by extension 'colcon_pkg'
[0.208s] Level 1:colcon.colcon_core.package_identification:_identify(src/cobot_moveit_config) by extensions ['colcon_meta']
[0.208s] Level 1:colcon.colcon_core.package_identification:_identify(src/cobot_moveit_config) by extension 'colcon_meta'
[0.208s] Level 1:colcon.colcon_core.package_identification:_identify(src/cobot_moveit_config) by extensions ['ros']
[0.209s] Level 1:colcon.colcon_core.package_identification:_identify(src/cobot_moveit_config) by extension 'ros'
[0.209s] DEBUG:colcon.colcon_core.package_identification:Package 'src/cobot_moveit_config' with type 'ros.ament_cmake' and name 'cobot_moveit_config'
[0.209s] Level 1:colcon.colcon_core.package_identification:_identify(~) by extensions ['ignore', 'ignore_ament_install']
[0.209s] Level 1:colcon.colcon_core.package_identification:_identify(~) by extension 'ignore'
[0.209s] Level 1:colcon.colcon_core.package_identification:_identify(~) by extension 'ignore_ament_install'
[0.209s] Level 1:colcon.colcon_core.package_identification:_identify(~) by extensions ['colcon_pkg']
[0.209s] Level 1:colcon.colcon_core.package_identification:_identify(~) by extension 'colcon_pkg'
[0.210s] Level 1:colcon.colcon_core.package_identification:_identify(~) by extensions ['colcon_meta']
[0.210s] Level 1:colcon.colcon_core.package_identification:_identify(~) by extension 'colcon_meta'
[0.210s] Level 1:colcon.colcon_core.package_identification:_identify(~) by extensions ['ros']
[0.210s] Level 1:colcon.colcon_core.package_identification:_identify(~) by extension 'ros'
[0.210s] Level 1:colcon.colcon_core.package_identification:_identify(~) by extensions ['cmake', 'python']
[0.210s] Level 1:colcon.colcon_core.package_identification:_identify(~) by extension 'cmake'
[0.210s] Level 1:colcon.colcon_core.package_identification:_identify(~) by extension 'python'
[0.210s] Level 1:colcon.colcon_core.package_identification:_identify(~) by extensions ['python_setup_py']
[0.210s] Level 1:colcon.colcon_core.package_identification:_identify(~) by extension 'python_setup_py'
[0.210s] Level 1:colcon.colcon_core.package_discovery:discover_packages(recursive) using defaults
[0.210s] Level 1:colcon.colcon_core.package_discovery:discover_packages(ignore) discover
[0.210s] Level 1:colcon.colcon_core.package_discovery:discover_packages(ignore) using defaults
[0.210s] Level 1:colcon.colcon_core.package_discovery:discover_packages(path) discover
[0.210s] Level 1:colcon.colcon_core.package_discovery:discover_packages(path) using defaults
[0.230s] Level 1:colcon.colcon_core.package_discovery:discover_packages(prefix_path) check parameters
[0.230s] Level 1:colcon.colcon_core.package_discovery:discover_packages(prefix_path) discover
[0.231s] WARNING:colcon.colcon_ros.prefix_path.ament:The path '/home/stanislav/cobot_ws/install/cobot_moveit_config' in the environment variable AMENT_PREFIX_PATH doesn't exist
[0.231s] WARNING:colcon.colcon_ros.prefix_path.ament:The path '/home/stanislav/cobot_ws/install/cobot_hardware' in the environment variable AMENT_PREFIX_PATH doesn't exist
[0.231s] WARNING:colcon.colcon_ros.prefix_path.ament:The path '/home/stanislav/cobot_ws/install/cobot_driver' in the environment variable AMENT_PREFIX_PATH doesn't exist
[0.231s] WARNING:colcon.colcon_ros.prefix_path.ament:The path '/home/stanislav/cobot_ws/install/cobot_description' in the environment variable AMENT_PREFIX_PATH doesn't exist
[0.231s] WARNING:colcon.colcon_ros.prefix_path.ament:The path '/home/stanislav/cobot_ws/install/cobot_bringup' in the environment variable AMENT_PREFIX_PATH doesn't exist
[0.231s] WARNING:colcon.colcon_ros.prefix_path.catkin:The path '/home/stanislav/cobot_ws/install/cobot_moveit_config' in the environment variable CMAKE_PREFIX_PATH doesn't exist
[0.232s] DEBUG:colcon.colcon_installed_package_information.package_discovery:Found 0 installed packages in /home/stanislav/cobot_ws/install
[0.234s] DEBUG:colcon.colcon_installed_package_information.package_discovery:Found 304 installed packages in /opt/ros/jazzy
[0.235s] Level 1:colcon.colcon_core.package_discovery:discover_packages(prefix_path) using defaults
[0.287s] Level 5:colcon.colcon_core.verb:set package 'cobot_bringup' build argument 'cmake_args' from command line to 'None'
[0.287s] Level 5:colcon.colcon_core.verb:set package 'cobot_bringup' build argument 'cmake_target' from command line to 'None'
[0.287s] Level 5:colcon.colcon_core.verb:set package 'cobot_bringup' build argument 'cmake_target_skip_unavailable' from command line to 'False'
[0.287s] Level 5:colcon.colcon_core.verb:set package 'cobot_bringup' build argument 'cmake_clean_cache' from command line to 'False'
[0.287s] Level 5:colcon.colcon_core.verb:set package 'cobot_bringup' build argument 'cmake_clean_first' from command line to 'False'
[0.287s] Level 5:colcon.colcon_core.verb:set package 'cobot_bringup' build argument 'cmake_force_configure' from command line to 'False'
[0.287s] Level 5:colcon.colcon_core.verb:set package 'cobot_bringup' build argument 'ament_cmake_args' from command line to 'None'
[0.288s] Level 5:colcon.colcon_core.verb:set package 'cobot_bringup' build argument 'catkin_cmake_args' from command line to 'None'
[0.288s] Level 5:colcon.colcon_core.verb:set package 'cobot_bringup' build argument 'catkin_skip_building_tests' from command line to 'False'
[0.288s] DEBUG:colcon.colcon_core.verb:Building package 'cobot_bringup' with the following arguments: {'ament_cmake_args': None, 'build_base': '/home/stanislav/cobot_ws/build/cobot_bringup', 'catkin_cmake_args': None, 'catkin_skip_building_tests': False, 'cmake_args': None, 'cmake_clean_cache': False, 'cmake_clean_first': False, 'cmake_force_configure': False, 'cmake_target': None, 'cmake_target_skip_unavailable': False, 'install_base': '/home/stanislav/cobot_ws/install/cobot_bringup', 'merge_install': False, 'path': '/home/stanislav/cobot_ws/src/cobot_bringup', 'symlink_install': False, 'test_result_base': None}
[0.288s] Level 5:colcon.colcon_core.verb:set package 'cobot_description' build argument 'cmake_args' from command line to 'None'
[0.288s] Level 5:colcon.colcon_core.verb:set package 'cobot_description' build argument 'cmake_target' from command line to 'None'
[0.288s] Level 5:colcon.colcon_core.verb:set package 'cobot_description' build argument 'cmake_target_skip_unavailable' from command line to 'False'
[0.288s] Level 5:colcon.colcon_core.verb:set package 'cobot_description' build argument 'cmake_clean_cache' from command line to 'False'
[0.288s] Level 5:colcon.colcon_core.verb:set package 'cobot_description' build argument 'cmake_clean_first' from command line to 'False'
[0.288s] Level 5:colcon.colcon_core.verb:set package 'cobot_description' build argument 'cmake_force_configure' from command line to 'False'
[0.288s] Level 5:colcon.colcon_core.verb:set package 'cobot_description' build argument 'ament_cmake_args' from command line to 'None'
[0.288s] Level 5:colcon.colcon_core.verb:set package 'cobot_description' build argument 'catkin_cmake_args' from command line to 'None'
[0.288s] Level 5:colcon.colcon_core.verb:set package 'cobot_description' build argument 'catkin_skip_building_tests' from command line to 'False'
[0.288s] DEBUG:colcon.colcon_core.verb:Building package 'cobot_description' with the following arguments: {'ament_cmake_args': None, 'build_base': '/home/stanislav/cobot_ws/build/cobot_description', 'catkin_cmake_args': None, 'catkin_skip_building_tests': False, 'cmake_args': None, 'cmake_clean_cache': False, 'cmake_clean_first': False, 'cmake_force_configure': False, 'cmake_target': None, 'cmake_target_skip_unavailable': False, 'install_base': '/home/stanislav/cobot_ws/install/cobot_description', 'merge_install': False, 'path': '/home/stanislav/cobot_ws/src/cobot_description', 'symlink_install': False, 'test_result_base': None}
[0.288s] Level 5:colcon.colcon_core.verb:set package 'cobot_driver' build argument 'cmake_args' from command line to 'None'
[0.288s] Level 5:colcon.colcon_core.verb:set package 'cobot_driver' build argument 'cmake_target' from command line to 'None'
[0.288s] Level 5:colcon.colcon_core.verb:set package 'cobot_driver' build argument 'cmake_target_skip_unavailable' from command line to 'False'
[0.289s] Level 5:colcon.colcon_core.verb:set package 'cobot_driver' build argument 'cmake_clean_cache' from command line to 'False'
[0.289s] Level 5:colcon.colcon_core.verb:set package 'cobot_driver' build argument 'cmake_clean_first' from command line to 'False'
[0.289s] Level 5:colcon.colcon_core.verb:set package 'cobot_driver' build argument 'cmake_force_configure' from command line to 'False'
[0.289s] Level 5:colcon.colcon_core.verb:set package 'cobot_driver' build argument 'ament_cmake_args' from command line to 'None'
[0.289s] Level 5:colcon.colcon_core.verb:set package 'cobot_driver' build argument 'catkin_cmake_args' from command line to 'None'
[0.289s] Level 5:colcon.colcon_core.verb:set package 'cobot_driver' build argument 'catkin_skip_building_tests' from command line to 'False'
[0.289s] DEBUG:colcon.colcon_core.verb:Building package 'cobot_driver' with the following arguments: {'ament_cmake_args': None, 'build_base': '/home/stanislav/cobot_ws/build/cobot_driver', 'catkin_cmake_args': None, 'catkin_skip_building_tests': False, 'cmake_args': None, 'cmake_clean_cache': False, 'cmake_clean_first': False, 'cmake_force_configure': False, 'cmake_target': None, 'cmake_target_skip_unavailable': False, 'install_base': '/home/stanislav/cobot_ws/install/cobot_driver', 'merge_install': False, 'path': '/home/stanislav/cobot_ws/src/cobot_driver', 'symlink_install': False, 'test_result_base': None}
[0.289s] Level 5:colcon.colcon_core.verb:set package 'cobot_hardware' build argument 'cmake_args' from command line to 'None'
[0.289s] Level 5:colcon.colcon_core.verb:set package 'cobot_hardware' build argument 'cmake_target' from command line to 'None'
[0.289s] Level 5:colcon.colcon_core.verb:set package 'cobot_hardware' build argument 'cmake_target_skip_unavailable' from command line to 'False'
[0.289s] Level 5:colcon.colcon_core.verb:set package 'cobot_hardware' build argument 'cmake_clean_cache' from command line to 'False'
[0.289s] Level 5:colcon.colcon_core.verb:set package 'cobot_hardware' build argument 'cmake_clean_first' from command line to 'False'
[0.289s] Level 5:colcon.colcon_core.verb:set package 'cobot_hardware' build argument 'cmake_force_configure' from command line to 'False'
[0.289s] Level 5:colcon.colcon_core.verb:set package 'cobot_hardware' build argument 'ament_cmake_args' from command line to 'None'
[0.289s] Level 5:colcon.colcon_core.verb:set package 'cobot_hardware' build argument 'catkin_cmake_args' from command line to 'None'
[0.289s] Level 5:colcon.colcon_core.verb:set package 'cobot_hardware' build argument 'catkin_skip_building_tests' from command line to 'False'
[0.289s] DEBUG:colcon.colcon_core.verb:Building package 'cobot_hardware' with the following arguments: {'ament_cmake_args': None, 'build_base': '/home/stanislav/cobot_ws/build/cobot_hardware', 'catkin_cmake_args': None, 'catkin_skip_building_tests': False, 'cmake_args': None, 'cmake_clean_cache': False, 'cmake_clean_first': False, 'cmake_force_configure': False, 'cmake_target': None, 'cmake_target_skip_unavailable': False, 'install_base': '/home/stanislav/cobot_ws/install/cobot_hardware', 'merge_install': False, 'path': '/home/stanislav/cobot_ws/src/cobot_hardware', 'symlink_install': False, 'test_result_base': None}
[0.290s] Level 5:colcon.colcon_core.verb:set package 'cobot_moveit_config' build argument 'cmake_args' from command line to 'None'
[0.290s] Level 5:colcon.colcon_core.verb:set package 'cobot_moveit_config' build argument 'cmake_target' from command line to 'None'
[0.290s] Level 5:colcon.colcon_core.verb:set package 'cobot_moveit_config' build argument 'cmake_target_skip_unavailable' from command line to 'False'
[0.290s] Level 5:colcon.colcon_core.verb:set package 'cobot_moveit_config' build argument 'cmake_clean_cache' from command line to 'False'
[0.290s] Level 5:colcon.colcon_core.verb:set package 'cobot_moveit_config' build argument 'cmake_clean_first' from command line to 'False'
[0.290s] Level 5:colcon.colcon_core.verb:set package 'cobot_moveit_config' build argument 'cmake_force_configure' from command line to 'False'
[0.290s] Level 5:colcon.colcon_core.verb:set package 'cobot_moveit_config' build argument 'ament_cmake_args' from command line to 'None'
[0.290s] Level 5:colcon.colcon_core.verb:set package 'cobot_moveit_config' build argument 'catkin_cmake_args' from command line to 'None'
[0.290s] Level 5:colcon.colcon_core.verb:set package 'cobot_moveit_config' build argument 'catkin_skip_building_tests' from command line to 'False'
[0.290s] DEBUG:colcon.colcon_core.verb:Building package 'cobot_moveit_config' with the following arguments: {'ament_cmake_args': None, 'build_base': '/home/stanislav/cobot_ws/build/cobot_moveit_config', 'catkin_cmake_args': None, 'catkin_skip_building_tests': False, 'cmake_args': None, 'cmake_clean_cache': False, 'cmake_clean_first': False, 'cmake_force_configure': False, 'cmake_target': None, 'cmake_target_skip_unavailable': False, 'install_base': '/home/stanislav/cobot_ws/install/cobot_moveit_config', 'merge_install': False, 'path': '/home/stanislav/cobot_ws/src/cobot_moveit_config', 'symlink_install': False, 'test_result_base': None}
[0.290s] INFO:colcon.colcon_core.executor:Executing jobs using 'parallel' executor
[0.291s] DEBUG:colcon.colcon_parallel_executor.executor.parallel:run_until_complete
[0.291s] INFO:colcon.colcon_ros.task.ament_python.build:Building ROS package in '/home/stanislav/cobot_ws/src/cobot_description' with build type 'ament_python'
[0.292s] Level 1:colcon.colcon_core.shell:create_environment_hook('cobot_description', 'ament_prefix_path')
[0.294s] INFO:colcon.colcon_core.plugin_system:Skipping extension 'colcon_core.shell.bat': Not used on non-Windows systems
[0.295s] INFO:colcon.colcon_core.shell:Creating environment hook '/home/stanislav/cobot_ws/install/cobot_description/share/cobot_description/hook/ament_prefix_path.ps1'
[0.296s] INFO:colcon.colcon_core.shell:Creating environment descriptor '/home/stanislav/cobot_ws/install/cobot_description/share/cobot_description/hook/ament_prefix_path.dsv'
[0.296s] INFO:colcon.colcon_core.shell:Creating environment hook '/home/stanislav/cobot_ws/install/cobot_description/share/cobot_description/hook/ament_prefix_path.sh'
[0.297s] INFO:colcon.colcon_core.shell:Skip shell extension 'powershell' for command environment: Not usable outside of PowerShell
[0.297s] DEBUG:colcon.colcon_core.shell:Skip shell extension 'dsv' for command environment
[0.301s] INFO:colcon.colcon_ros.task.ament_python.build:Building ROS package in '/home/stanislav/cobot_ws/src/cobot_bringup' with build type 'ament_python'
[0.301s] Level 1:colcon.colcon_core.shell:create_environment_hook('cobot_bringup', 'ament_prefix_path')
[0.301s] INFO:colcon.colcon_core.shell:Creating environment hook '/home/stanislav/cobot_ws/install/cobot_bringup/share/cobot_bringup/hook/ament_prefix_path.ps1'
[0.302s] INFO:colcon.colcon_core.shell:Creating environment descriptor '/home/stanislav/cobot_ws/install/cobot_bringup/share/cobot_bringup/hook/ament_prefix_path.dsv'
[0.302s] INFO:colcon.colcon_core.shell:Creating environment hook '/home/stanislav/cobot_ws/install/cobot_bringup/share/cobot_bringup/hook/ament_prefix_path.sh'
[0.303s] INFO:colcon.colcon_core.shell:Skip shell extension 'powershell' for command environment: Not usable outside of PowerShell
[0.303s] DEBUG:colcon.colcon_core.shell:Skip shell extension 'dsv' for command environment
[0.307s] INFO:colcon.colcon_ros.task.ament_python.build:Building ROS package in '/home/stanislav/cobot_ws/src/cobot_driver' with build type 'ament_python'
[0.307s] Level 1:colcon.colcon_core.shell:create_environment_hook('cobot_driver', 'ament_prefix_path')
[0.307s] INFO:colcon.colcon_core.shell:Creating environment hook '/home/stanislav/cobot_ws/install/cobot_driver/share/cobot_driver/hook/ament_prefix_path.ps1'
[0.308s] INFO:colcon.colcon_core.shell:Creating environment descriptor '/home/stanislav/cobot_ws/install/cobot_driver/share/cobot_driver/hook/ament_prefix_path.dsv'
[0.309s] INFO:colcon.colcon_core.shell:Creating environment hook '/home/stanislav/cobot_ws/install/cobot_driver/share/cobot_driver/hook/ament_prefix_path.sh'
[0.310s] INFO:colcon.colcon_core.shell:Skip shell extension 'powershell' for command environment: Not usable outside of PowerShell
[0.310s] DEBUG:colcon.colcon_core.shell:Skip shell extension 'dsv' for command environment
[0.316s] INFO:colcon.colcon_ros.task.ament_python.build:Building ROS package in '/home/stanislav/cobot_ws/src/cobot_hardware' with build type 'ament_python'
[0.316s] Level 1:colcon.colcon_core.shell:create_environment_hook('cobot_hardware', 'ament_prefix_path')
[0.317s] INFO:colcon.colcon_core.shell:Creating environment hook '/home/stanislav/cobot_ws/install/cobot_hardware/share/cobot_hardware/hook/ament_prefix_path.ps1'
[0.318s] INFO:colcon.colcon_core.shell:Creating environment descriptor '/home/stanislav/cobot_ws/install/cobot_hardware/share/cobot_hardware/hook/ament_prefix_path.dsv'
[0.318s] INFO:colcon.colcon_core.shell:Creating environment hook '/home/stanislav/cobot_ws/install/cobot_hardware/share/cobot_hardware/hook/ament_prefix_path.sh'
[0.319s] INFO:colcon.colcon_core.shell:Skip shell extension 'powershell' for command environment: Not usable outside of PowerShell
[0.319s] DEBUG:colcon.colcon_core.shell:Skip shell extension 'dsv' for command environment
[0.582s] INFO:colcon.colcon_core.task.python.build:Building Python package in '/home/stanislav/cobot_ws/src/cobot_description'
[0.582s] INFO:colcon.colcon_core.shell:Skip shell extension 'powershell' for command environment: Not usable outside of PowerShell
[0.582s] DEBUG:colcon.colcon_core.shell:Skip shell extension 'dsv' for command environment
[0.858s] INFO:colcon.colcon_core.task.python.build:Building Python package in '/home/stanislav/cobot_ws/src/cobot_bringup'
[0.859s] INFO:colcon.colcon_core.shell:Skip shell extension 'powershell' for command environment: Not usable outside of PowerShell
[0.859s] DEBUG:colcon.colcon_core.shell:Skip shell extension 'dsv' for command environment
[1.146s] WARNING:colcon.colcon_ros.task.ament_python.build:Package 'cobot_driver' doesn't explicitly install a marker in the package index (colcon-ros currently does it implicitly but that fallback will be removed in the future)
[1.147s] WARNING:colcon.colcon_ros.task.ament_python.build:Package 'cobot_driver' doesn't explicitly install the 'package.xml' file (colcon-ros currently does it implicitly but that fallback will be removed in the future)
[1.148s] INFO:colcon.colcon_core.task.python.build:Building Python package in '/home/stanislav/cobot_ws/src/cobot_driver'
[1.148s] INFO:colcon.colcon_core.shell:Skip shell extension 'powershell' for command environment: Not usable outside of PowerShell
[1.148s] DEBUG:colcon.colcon_core.shell:Skip shell extension 'dsv' for command environment
[1.444s] INFO:colcon.colcon_core.task.python.build:Building Python package in '/home/stanislav/cobot_ws/src/cobot_hardware'
[1.445s] INFO:colcon.colcon_core.shell:Skip shell extension 'powershell' for command environment: Not usable outside of PowerShell
[1.445s] DEBUG:colcon.colcon_core.shell:Skip shell extension 'dsv' for command environment
[2.386s] DEBUG:colcon.colcon_core.event_handler.log_command:Invoking command in '/home/stanislav/cobot_ws/src/cobot_description': DEBUGINFOD_URLS=https://debuginfod.ubuntu.com PYTHONPATH=/home/stanislav/cobot_ws/build/cobot_description/prefix_override:/usr/lib/python3/dist-packages/colcon_core/task/python/colcon_distutils_commands:/home/stanislav/cobot_ws/install/cobot_description/lib/python3.12/site-packages:${PYTHONPATH} /usr/bin/python3 -W ignore:setup.py install is deprecated -W ignore:easy_install command is deprecated setup.py egg_info --egg-base ../../build/cobot_description build --build-base /home/stanislav/cobot_ws/build/cobot_description/build install --record /home/stanislav/cobot_ws/build/cobot_description/install.log --single-version-externally-managed install_data
[2.395s] DEBUG:colcon.colcon_core.event_handler.log_command:Invoking command in '/home/stanislav/cobot_ws/src/cobot_driver': DEBUGINFOD_URLS=https://debuginfod.ubuntu.com PYTHONPATH=/home/stanislav/cobot_ws/build/cobot_driver/prefix_override:/usr/lib/python3/dist-packages/colcon_core/task/python/colcon_distutils_commands:/home/stanislav/cobot_ws/install/cobot_driver/lib/python3.12/site-packages:${PYTHONPATH} /usr/bin/python3 -W ignore:setup.py install is deprecated -W ignore:easy_install command is deprecated setup.py egg_info --egg-base ../../build/cobot_driver build --build-base /home/stanislav/cobot_ws/build/cobot_driver/build install --record /home/stanislav/cobot_ws/build/cobot_driver/install.log --single-version-externally-managed
[2.400s] DEBUG:colcon.colcon_core.event_handler.log_command:Invoking command in '/home/stanislav/cobot_ws/src/cobot_bringup': DEBUGINFOD_URLS=https://debuginfod.ubuntu.com PYTHONPATH=/home/stanislav/cobot_ws/build/cobot_bringup/prefix_override:/usr/lib/python3/dist-packages/colcon_core/task/python/colcon_distutils_commands:/home/stanislav/cobot_ws/install/cobot_bringup/lib/python3.12/site-packages:${PYTHONPATH} /usr/bin/python3 -W ignore:setup.py install is deprecated -W ignore:easy_install command is deprecated setup.py egg_info --egg-base ../../build/cobot_bringup build --build-base /home/stanislav/cobot_ws/build/cobot_bringup/build install --record /home/stanislav/cobot_ws/build/cobot_bringup/install.log --single-version-externally-managed install_data
[2.416s] DEBUG:colcon.colcon_core.event_handler.log_command:Invoking command in '/home/stanislav/cobot_ws/src/cobot_hardware': DEBUGINFOD_URLS=https://debuginfod.ubuntu.com PYTHONPATH=/home/stanislav/cobot_ws/build/cobot_hardware/prefix_override:/usr/lib/python3/dist-packages/colcon_core/task/python/colcon_distutils_commands:/home/stanislav/cobot_ws/install/cobot_hardware/lib/python3.12/site-packages:${PYTHONPATH} /usr/bin/python3 -W ignore:setup.py install is deprecated -W ignore:easy_install command is deprecated setup.py egg_info --egg-base ../../build/cobot_hardware build --build-base /home/stanislav/cobot_ws/build/cobot_hardware/build install --record /home/stanislav/cobot_ws/build/cobot_hardware/install.log --single-version-externally-managed install_data
[3.232s] DEBUG:colcon.colcon_core.event_handler.log_command:Invoked command in '/home/stanislav/cobot_ws/src/cobot_driver' returned '0': DEBUGINFOD_URLS=https://debuginfod.ubuntu.com PYTHONPATH=/home/stanislav/cobot_ws/build/cobot_driver/prefix_override:/usr/lib/python3/dist-packages/colcon_core/task/python/colcon_distutils_commands:/home/stanislav/cobot_ws/install/cobot_driver/lib/python3.12/site-packages:${PYTHONPATH} /usr/bin/python3 -W ignore:setup.py install is deprecated -W ignore:easy_install command is deprecated setup.py egg_info --egg-base ../../build/cobot_driver build --build-base /home/stanislav/cobot_ws/build/cobot_driver/build install --record /home/stanislav/cobot_ws/build/cobot_driver/install.log --single-version-externally-managed
[3.243s] Level 1:colcon.colcon_core.environment:checking '/home/stanislav/cobot_ws/install/cobot_driver' for CMake module files
[3.244s] Level 1:colcon.colcon_core.environment:checking '/home/stanislav/cobot_ws/install/cobot_driver' for CMake config files
[3.246s] Level 1:colcon.colcon_core.environment:checking '/home/stanislav/cobot_ws/install/cobot_driver/lib'
[3.246s] Level 1:colcon.colcon_core.environment:checking '/home/stanislav/cobot_ws/install/cobot_driver/bin'
[3.246s] Level 1:colcon.colcon_core.environment:checking '/home/stanislav/cobot_ws/install/cobot_driver/lib/pkgconfig/cobot_driver.pc'
[3.247s] Level 1:colcon.colcon_core.environment:checking '/home/stanislav/cobot_ws/install/cobot_driver/lib/python3.12/site-packages'
[3.247s] Level 1:colcon.colcon_core.shell:create_environment_hook('cobot_driver', 'pythonpath')
[3.248s] INFO:colcon.colcon_core.shell:Creating environment hook '/home/stanislav/cobot_ws/install/cobot_driver/share/cobot_driver/hook/pythonpath.ps1'
[3.249s] INFO:colcon.colcon_core.shell:Creating environment descriptor '/home/stanislav/cobot_ws/install/cobot_driver/share/cobot_driver/hook/pythonpath.dsv'
[3.250s] INFO:colcon.colcon_core.shell:Creating environment hook '/home/stanislav/cobot_ws/install/cobot_driver/share/cobot_driver/hook/pythonpath.sh'
[3.251s] Level 1:colcon.colcon_core.environment:checking '/home/stanislav/cobot_ws/install/cobot_driver/bin'
[3.252s] Level 1:colcon.colcon_core.environment:create_environment_scripts_only(cobot_driver)
[3.252s] INFO:colcon.colcon_core.shell:Creating package script '/home/stanislav/cobot_ws/install/cobot_driver/share/cobot_driver/package.ps1'
[3.255s] INFO:colcon.colcon_core.shell:Creating package descriptor '/home/stanislav/cobot_ws/install/cobot_driver/share/cobot_driver/package.dsv'
[3.256s] INFO:colcon.colcon_core.shell:Creating package script '/home/stanislav/cobot_ws/install/cobot_driver/share/cobot_driver/package.sh'
[3.257s] INFO:colcon.colcon_core.shell:Creating package script '/home/stanislav/cobot_ws/install/cobot_driver/share/cobot_driver/package.bash'
[3.258s] INFO:colcon.colcon_core.shell:Creating package script '/home/stanislav/cobot_ws/install/cobot_driver/share/cobot_driver/package.zsh'
[3.259s] Level 1:colcon.colcon_core.environment:create_file_with_runtime_dependencies(/home/stanislav/cobot_ws/install/cobot_driver/share/colcon-core/packages/cobot_driver)
[3.265s] Level 1:colcon.colcon_core.environment:checking '/home/stanislav/cobot_ws/install/cobot_description' for CMake module files
[3.266s] DEBUG:colcon.colcon_core.event_handler.log_command:Invoked command in '/home/stanislav/cobot_ws/src/cobot_description' returned '0': DEBUGINFOD_URLS=https://debuginfod.ubuntu.com PYTHONPATH=/home/stanislav/cobot_ws/build/cobot_description/prefix_override:/usr/lib/python3/dist-packages/colcon_core/task/python/colcon_distutils_commands:/home/stanislav/cobot_ws/install/cobot_description/lib/python3.12/site-packages:${PYTHONPATH} /usr/bin/python3 -W ignore:setup.py install is deprecated -W ignore:easy_install command is deprecated setup.py egg_info --egg-base ../../build/cobot_description build --build-base /home/stanislav/cobot_ws/build/cobot_description/build install --record /home/stanislav/cobot_ws/build/cobot_description/install.log --single-version-externally-managed install_data
[3.266s] Level 1:colcon.colcon_core.environment:checking '/home/stanislav/cobot_ws/install/cobot_description' for CMake config files
[3.267s] Level 1:colcon.colcon_core.environment:checking '/home/stanislav/cobot_ws/install/cobot_description/lib'
[3.267s] Level 1:colcon.colcon_core.environment:checking '/home/stanislav/cobot_ws/install/cobot_description/bin'
[3.267s] Level 1:colcon.colcon_core.environment:checking '/home/stanislav/cobot_ws/install/cobot_description/lib/pkgconfig/cobot_description.pc'
[3.268s] Level 1:colcon.colcon_core.environment:checking '/home/stanislav/cobot_ws/install/cobot_description/lib/python3.12/site-packages'
[3.268s] Level 1:colcon.colcon_core.shell:create_environment_hook('cobot_description', 'pythonpath')
[3.268s] INFO:colcon.colcon_core.shell:Creating environment hook '/home/stanislav/cobot_ws/install/cobot_description/share/cobot_description/hook/pythonpath.ps1'
[3.269s] INFO:colcon.colcon_core.shell:Creating environment descriptor '/home/stanislav/cobot_ws/install/cobot_description/share/cobot_description/hook/pythonpath.dsv'
[3.270s] INFO:colcon.colcon_core.shell:Creating environment hook '/home/stanislav/cobot_ws/install/cobot_description/share/cobot_description/hook/pythonpath.sh'
[3.271s] Level 1:colcon.colcon_core.environment:checking '/home/stanislav/cobot_ws/install/cobot_description/bin'
[3.271s] Level 1:colcon.colcon_core.environment:create_environment_scripts_only(cobot_description)
[3.271s] INFO:colcon.colcon_core.shell:Creating package script '/home/stanislav/cobot_ws/install/cobot_description/share/cobot_description/package.ps1'
[3.272s] INFO:colcon.colcon_core.shell:Creating package descriptor '/home/stanislav/cobot_ws/install/cobot_description/share/cobot_description/package.dsv'
[3.273s] INFO:colcon.colcon_core.shell:Creating package script '/home/stanislav/cobot_ws/install/cobot_description/share/cobot_description/package.sh'
[3.273s] INFO:colcon.colcon_core.shell:Creating package script '/home/stanislav/cobot_ws/install/cobot_description/share/cobot_description/package.bash'
[3.274s] INFO:colcon.colcon_core.shell:Creating package script '/home/stanislav/cobot_ws/install/cobot_description/share/cobot_description/package.zsh'
[3.274s] Level 1:colcon.colcon_core.environment:create_file_with_runtime_dependencies(/home/stanislav/cobot_ws/install/cobot_description/share/colcon-core/packages/cobot_description)
[3.275s] INFO:colcon.colcon_ros.task.ament_cmake.build:Building ROS package in '/home/stanislav/cobot_ws/src/cobot_moveit_config' with build type 'ament_cmake'
[3.275s] INFO:colcon.colcon_cmake.task.cmake.build:Building CMake package in '/home/stanislav/cobot_ws/src/cobot_moveit_config'
[3.275s] INFO:colcon.colcon_core.shell:Skip shell extension 'powershell' for command environment: Not usable outside of PowerShell
[3.275s] DEBUG:colcon.colcon_core.shell:Skip shell extension 'dsv' for command environment
[3.282s] Level 1:colcon.colcon_core.environment:checking '/home/stanislav/cobot_ws/install/cobot_bringup' for CMake module files
[3.283s] DEBUG:colcon.colcon_core.event_handler.log_command:Invoked command in '/home/stanislav/cobot_ws/src/cobot_bringup' returned '0': DEBUGINFOD_URLS=https://debuginfod.ubuntu.com PYTHONPATH=/home/stanislav/cobot_ws/build/cobot_bringup/prefix_override:/usr/lib/python3/dist-packages/colcon_core/task/python/colcon_distutils_commands:/home/stanislav/cobot_ws/install/cobot_bringup/lib/python3.12/site-packages:${PYTHONPATH} /usr/bin/python3 -W ignore:setup.py install is deprecated -W ignore:easy_install command is deprecated setup.py egg_info --egg-base ../../build/cobot_bringup build --build-base /home/stanislav/cobot_ws/build/cobot_bringup/build install --record /home/stanislav/cobot_ws/build/cobot_bringup/install.log --single-version-externally-managed install_data
[3.284s] Level 1:colcon.colcon_core.environment:checking '/home/stanislav/cobot_ws/install/cobot_bringup' for CMake config files
[3.285s] Level 1:colcon.colcon_core.environment:checking '/home/stanislav/cobot_ws/install/cobot_bringup/lib'
[3.285s] Level 1:colcon.colcon_core.environment:checking '/home/stanislav/cobot_ws/install/cobot_bringup/bin'
[3.285s] Level 1:colcon.colcon_core.environment:checking '/home/stanislav/cobot_ws/install/cobot_bringup/lib/pkgconfig/cobot_bringup.pc'
[3.285s] Level 1:colcon.colcon_core.environment:checking '/home/stanislav/cobot_ws/install/cobot_bringup/lib/python3.12/site-packages'
[3.286s] Level 1:colcon.colcon_core.shell:create_environment_hook('cobot_bringup', 'pythonpath')
[3.286s] INFO:colcon.colcon_core.shell:Creating environment hook '/home/stanislav/cobot_ws/install/cobot_bringup/share/cobot_bringup/hook/pythonpath.ps1'
[3.287s] INFO:colcon.colcon_core.shell:Creating environment descriptor '/home/stanislav/cobot_ws/install/cobot_bringup/share/cobot_bringup/hook/pythonpath.dsv'
[3.287s] INFO:colcon.colcon_core.shell:Creating environment hook '/home/stanislav/cobot_ws/install/cobot_bringup/share/cobot_bringup/hook/pythonpath.sh'
[3.288s] Level 1:colcon.colcon_core.environment:checking '/home/stanislav/cobot_ws/install/cobot_bringup/bin'
[3.288s] Level 1:colcon.colcon_core.environment:create_environment_scripts_only(cobot_bringup)
[3.289s] INFO:colcon.colcon_core.shell:Creating package script '/home/stanislav/cobot_ws/install/cobot_bringup/share/cobot_bringup/package.ps1'
[3.289s] INFO:colcon.colcon_core.shell:Creating package descriptor '/home/stanislav/cobot_ws/install/cobot_bringup/share/cobot_bringup/package.dsv'
[3.290s] INFO:colcon.colcon_core.shell:Creating package script '/home/stanislav/cobot_ws/install/cobot_bringup/share/cobot_bringup/package.sh'
[3.291s] INFO:colcon.colcon_core.shell:Creating package script '/home/stanislav/cobot_ws/install/cobot_bringup/share/cobot_bringup/package.bash'
[3.291s] INFO:colcon.colcon_core.shell:Creating package script '/home/stanislav/cobot_ws/install/cobot_bringup/share/cobot_bringup/package.zsh'
[3.291s] Level 1:colcon.colcon_core.environment:create_file_with_runtime_dependencies(/home/stanislav/cobot_ws/install/cobot_bringup/share/colcon-core/packages/cobot_bringup)
[3.295s] Level 1:colcon.colcon_core.environment:checking '/home/stanislav/cobot_ws/install/cobot_hardware' for CMake module files
[3.297s] Level 1:colcon.colcon_core.environment:checking '/home/stanislav/cobot_ws/install/cobot_hardware' for CMake config files
[3.298s] DEBUG:colcon.colcon_core.event_handler.log_command:Invoking command in '/home/stanislav/cobot_ws/build/cobot_moveit_config': AMENT_PREFIX_PATH=/home/stanislav/cobot_ws/install/cobot_description:/home/stanislav/cobot_ws/install/cobot_moveit_config:/home/stanislav/cobot_ws/install/cobot_hardware:/home/stanislav/cobot_ws/install/cobot_driver:/home/stanislav/cobot_ws/install/cobot_bringup:/opt/ros/jazzy CMAKE_PREFIX_PATH=${CMAKE_PREFIX_PATH}:/home/stanislav/cobot_ws/install/cobot_hardware:/home/stanislav/cobot_ws/install/cobot_driver:/home/stanislav/cobot_ws/install/cobot_description:/home/stanislav/cobot_ws/install/cobot_bringup:/opt/ros/jazzy DEBUGINFOD_URLS=https://debuginfod.ubuntu.com PYTHONPATH=/home/stanislav/cobot_ws/install/cobot_description/lib/python3.12/site-packages:/home/stanislav/cobot_ws/install/cobot_hardware/lib/python3.12/site-packages:/home/stanislav/cobot_ws/install/cobot_driver/lib/python3.12/site-packages:/home/stanislav/cobot_ws/install/cobot_bringup/lib/python3.12/site-packages:/opt/ros/jazzy/lib/python3.12/site-packages /usr/bin/cmake /home/stanislav/cobot_ws/src/cobot_moveit_config -DCMAKE_INSTALL_PREFIX=/home/stanislav/cobot_ws/install/cobot_moveit_config
[3.299s] DEBUG:colcon.colcon_core.event_handler.log_command:Invoked command in '/home/stanislav/cobot_ws/src/cobot_hardware' returned '0': DEBUGINFOD_URLS=https://debuginfod.ubuntu.com PYTHONPATH=/home/stanislav/cobot_ws/build/cobot_hardware/prefix_override:/usr/lib/python3/dist-packages/colcon_core/task/python/colcon_distutils_commands:/home/stanislav/cobot_ws/install/cobot_hardware/lib/python3.12/site-packages:${PYTHONPATH} /usr/bin/python3 -W ignore:setup.py install is deprecated -W ignore:easy_install command is deprecated setup.py egg_info --egg-base ../../build/cobot_hardware build --build-base /home/stanislav/cobot_ws/build/cobot_hardware/build install --record /home/stanislav/cobot_ws/build/cobot_hardware/install.log --single-version-externally-managed install_data
[3.299s] Level 1:colcon.colcon_core.environment:checking '/home/stanislav/cobot_ws/install/cobot_hardware/lib'
[3.299s] Level 1:colcon.colcon_core.environment:checking '/home/stanislav/cobot_ws/install/cobot_hardware/bin'
[3.299s] Level 1:colcon.colcon_core.environment:checking '/home/stanislav/cobot_ws/install/cobot_hardware/lib/pkgconfig/cobot_hardware.pc'
[3.300s] Level 1:colcon.colcon_core.environment:checking '/home/stanislav/cobot_ws/install/cobot_hardware/lib/python3.12/site-packages'
[3.300s] Level 1:colcon.colcon_core.shell:create_environment_hook('cobot_hardware', 'pythonpath')
[3.300s] INFO:colcon.colcon_core.shell:Creating environment hook '/home/stanislav/cobot_ws/install/cobot_hardware/share/cobot_hardware/hook/pythonpath.ps1'
[3.301s] INFO:colcon.colcon_core.shell:Creating environment descriptor '/home/stanislav/cobot_ws/install/cobot_hardware/share/cobot_hardware/hook/pythonpath.dsv'
[3.301s] INFO:colcon.colcon_core.shell:Creating environment hook '/home/stanislav/cobot_ws/install/cobot_hardware/share/cobot_hardware/hook/pythonpath.sh'
[3.302s] Level 1:colcon.colcon_core.environment:checking '/home/stanislav/cobot_ws/install/cobot_hardware/bin'
[3.302s] Level 1:colcon.colcon_core.environment:create_environment_scripts_only(cobot_hardware)
[3.302s] INFO:colcon.colcon_core.shell:Creating package script '/home/stanislav/cobot_ws/install/cobot_hardware/share/cobot_hardware/package.ps1'
[3.303s] INFO:colcon.colcon_core.shell:Creating package descriptor '/home/stanislav/cobot_ws/install/cobot_hardware/share/cobot_hardware/package.dsv'
[3.304s] INFO:colcon.colcon_core.shell:Creating package script '/home/stanislav/cobot_ws/install/cobot_hardware/share/cobot_hardware/package.sh'
[3.304s] INFO:colcon.colcon_core.shell:Creating package script '/home/stanislav/cobot_ws/install/cobot_hardware/share/cobot_hardware/package.bash'
[3.305s] INFO:colcon.colcon_core.shell:Creating package script '/home/stanislav/cobot_ws/install/cobot_hardware/share/cobot_hardware/package.zsh'
[3.305s] Level 1:colcon.colcon_core.environment:create_file_with_runtime_dependencies(/home/stanislav/cobot_ws/install/cobot_hardware/share/colcon-core/packages/cobot_hardware)
[4.323s] DEBUG:colcon.colcon_core.event_handler.log_command:Invoked command in '/home/stanislav/cobot_ws/build/cobot_moveit_config' returned '0': AMENT_PREFIX_PATH=/home/stanislav/cobot_ws/install/cobot_description:/home/stanislav/cobot_ws/install/cobot_moveit_config:/home/stanislav/cobot_ws/install/cobot_hardware:/home/stanislav/cobot_ws/install/cobot_driver:/home/stanislav/cobot_ws/install/cobot_bringup:/opt/ros/jazzy CMAKE_PREFIX_PATH=${CMAKE_PREFIX_PATH}:/home/stanislav/cobot_ws/install/cobot_hardware:/home/stanislav/cobot_ws/install/cobot_driver:/home/stanislav/cobot_ws/install/cobot_description:/home/stanislav/cobot_ws/install/cobot_bringup:/opt/ros/jazzy DEBUGINFOD_URLS=https://debuginfod.ubuntu.com PYTHONPATH=/home/stanislav/cobot_ws/install/cobot_description/lib/python3.12/site-packages:/home/stanislav/cobot_ws/install/cobot_hardware/lib/python3.12/site-packages:/home/stanislav/cobot_ws/install/cobot_driver/lib/python3.12/site-packages:/home/stanislav/cobot_ws/install/cobot_bringup/lib/python3.12/site-packages:/opt/ros/jazzy/lib/python3.12/site-packages /usr/bin/cmake /home/stanislav/cobot_ws/src/cobot_moveit_config -DCMAKE_INSTALL_PREFIX=/home/stanislav/cobot_ws/install/cobot_moveit_config
[4.327s] DEBUG:colcon.colcon_core.event_handler.log_command:Invoking command in '/home/stanislav/cobot_ws/build/cobot_moveit_config': AMENT_PREFIX_PATH=/home/stanislav/cobot_ws/install/cobot_description:/home/stanislav/cobot_ws/install/cobot_moveit_config:/home/stanislav/cobot_ws/install/cobot_hardware:/home/stanislav/cobot_ws/install/cobot_driver:/home/stanislav/cobot_ws/install/cobot_bringup:/opt/ros/jazzy CMAKE_PREFIX_PATH=${CMAKE_PREFIX_PATH}:/home/stanislav/cobot_ws/install/cobot_hardware:/home/stanislav/cobot_ws/install/cobot_driver:/home/stanislav/cobot_ws/install/cobot_description:/home/stanislav/cobot_ws/install/cobot_bringup:/opt/ros/jazzy DEBUGINFOD_URLS=https://debuginfod.ubuntu.com PYTHONPATH=/home/stanislav/cobot_ws/install/cobot_description/lib/python3.12/site-packages:/home/stanislav/cobot_ws/install/cobot_hardware/lib/python3.12/site-packages:/home/stanislav/cobot_ws/install/cobot_driver/lib/python3.12/site-packages:/home/stanislav/cobot_ws/install/cobot_bringup/lib/python3.12/site-packages:/opt/ros/jazzy/lib/python3.12/site-packages /usr/bin/cmake --build /home/stanislav/cobot_ws/build/cobot_moveit_config -- -j8 -l8
[4.393s] DEBUG:colcon.colcon_core.event_handler.log_command:Invoked command in '/home/stanislav/cobot_ws/build/cobot_moveit_config' returned '0': AMENT_PREFIX_PATH=/home/stanislav/cobot_ws/install/cobot_description:/home/stanislav/cobot_ws/install/cobot_moveit_config:/home/stanislav/cobot_ws/install/cobot_hardware:/home/stanislav/cobot_ws/install/cobot_driver:/home/stanislav/cobot_ws/install/cobot_bringup:/opt/ros/jazzy CMAKE_PREFIX_PATH=${CMAKE_PREFIX_PATH}:/home/stanislav/cobot_ws/install/cobot_hardware:/home/stanislav/cobot_ws/install/cobot_driver:/home/stanislav/cobot_ws/install/cobot_description:/home/stanislav/cobot_ws/install/cobot_bringup:/opt/ros/jazzy DEBUGINFOD_URLS=https://debuginfod.ubuntu.com PYTHONPATH=/home/stanislav/cobot_ws/install/cobot_description/lib/python3.12/site-packages:/home/stanislav/cobot_ws/install/cobot_hardware/lib/python3.12/site-packages:/home/stanislav/cobot_ws/install/cobot_driver/lib/python3.12/site-packages:/home/stanislav/cobot_ws/install/cobot_bringup/lib/python3.12/site-packages:/opt/ros/jazzy/lib/python3.12/site-packages /usr/bin/cmake --build /home/stanislav/cobot_ws/build/cobot_moveit_config -- -j8 -l8
[4.416s] DEBUG:colcon.colcon_core.event_handler.log_command:Invoking command in '/home/stanislav/cobot_ws/build/cobot_moveit_config': AMENT_PREFIX_PATH=/home/stanislav/cobot_ws/install/cobot_description:/home/stanislav/cobot_ws/install/cobot_moveit_config:/home/stanislav/cobot_ws/install/cobot_hardware:/home/stanislav/cobot_ws/install/cobot_driver:/home/stanislav/cobot_ws/install/cobot_bringup:/opt/ros/jazzy CMAKE_PREFIX_PATH=${CMAKE_PREFIX_PATH}:/home/stanislav/cobot_ws/install/cobot_hardware:/home/stanislav/cobot_ws/install/cobot_driver:/home/stanislav/cobot_ws/install/cobot_description:/home/stanislav/cobot_ws/install/cobot_bringup:/opt/ros/jazzy DEBUGINFOD_URLS=https://debuginfod.ubuntu.com PYTHONPATH=/home/stanislav/cobot_ws/install/cobot_description/lib/python3.12/site-packages:/home/stanislav/cobot_ws/install/cobot_hardware/lib/python3.12/site-packages:/home/stanislav/cobot_ws/install/cobot_driver/lib/python3.12/site-packages:/home/stanislav/cobot_ws/install/cobot_bringup/lib/python3.12/site-packages:/opt/ros/jazzy/lib/python3.12/site-packages /usr/bin/cmake --install /home/stanislav/cobot_ws/build/cobot_moveit_config
[4.433s] Level 1:colcon.colcon_core.environment:create_environment_scripts_only(cobot_moveit_config)
[4.434s] Level 1:colcon.colcon_core.environment:checking '/home/stanislav/cobot_ws/install/cobot_moveit_config' for CMake module files
[4.437s] DEBUG:colcon.colcon_core.event_handler.log_command:Invoked command in '/home/stanislav/cobot_ws/build/cobot_moveit_config' returned '0': AMENT_PREFIX_PATH=/home/stanislav/cobot_ws/install/cobot_description:/home/stanislav/cobot_ws/install/cobot_moveit_config:/home/stanislav/cobot_ws/install/cobot_hardware:/home/stanislav/cobot_ws/install/cobot_driver:/home/stanislav/cobot_ws/install/cobot_bringup:/opt/ros/jazzy CMAKE_PREFIX_PATH=${CMAKE_PREFIX_PATH}:/home/stanislav/cobot_ws/install/cobot_hardware:/home/stanislav/cobot_ws/install/cobot_driver:/home/stanislav/cobot_ws/install/cobot_description:/home/stanislav/cobot_ws/install/cobot_bringup:/opt/ros/jazzy DEBUGINFOD_URLS=https://debuginfod.ubuntu.com PYTHONPATH=/home/stanislav/cobot_ws/install/cobot_description/lib/python3.12/site-packages:/home/stanislav/cobot_ws/install/cobot_hardware/lib/python3.12/site-packages:/home/stanislav/cobot_ws/install/cobot_driver/lib/python3.12/site-packages:/home/stanislav/cobot_ws/install/cobot_bringup/lib/python3.12/site-packages:/opt/ros/jazzy/lib/python3.12/site-packages /usr/bin/cmake --install /home/stanislav/cobot_ws/build/cobot_moveit_config
[4.438s] Level 1:colcon.colcon_core.environment:checking '/home/stanislav/cobot_ws/install/cobot_moveit_config' for CMake config files
[4.438s] Level 1:colcon.colcon_core.shell:create_environment_hook('cobot_moveit_config', 'cmake_prefix_path')
[4.439s] INFO:colcon.colcon_core.shell:Creating environment hook '/home/stanislav/cobot_ws/install/cobot_moveit_config/share/cobot_moveit_config/hook/cmake_prefix_path.ps1'
[4.440s] INFO:colcon.colcon_core.shell:Creating environment descriptor '/home/stanislav/cobot_ws/install/cobot_moveit_config/share/cobot_moveit_config/hook/cmake_prefix_path.dsv'
[4.441s] INFO:colcon.colcon_core.shell:Creating environment hook '/home/stanislav/cobot_ws/install/cobot_moveit_config/share/cobot_moveit_config/hook/cmake_prefix_path.sh'
[4.442s] Level 1:colcon.colcon_core.environment:checking '/home/stanislav/cobot_ws/install/cobot_moveit_config/bin'
[4.442s] Level 1:colcon.colcon_core.environment:checking '/home/stanislav/cobot_ws/install/cobot_moveit_config/lib/pkgconfig/cobot_moveit_config.pc'
[4.443s] Level 1:colcon.colcon_core.environment:checking '/home/stanislav/cobot_ws/install/cobot_moveit_config/lib/python3.12/site-packages'
[4.444s] Level 1:colcon.colcon_core.environment:checking '/home/stanislav/cobot_ws/install/cobot_moveit_config/bin'
[4.445s] INFO:colcon.colcon_core.shell:Creating package script '/home/stanislav/cobot_ws/install/cobot_moveit_config/share/cobot_moveit_config/package.ps1'
[4.446s] INFO:colcon.colcon_core.shell:Creating package descriptor '/home/stanislav/cobot_ws/install/cobot_moveit_config/share/cobot_moveit_config/package.dsv'
[4.447s] INFO:colcon.colcon_core.shell:Creating package script '/home/stanislav/cobot_ws/install/cobot_moveit_config/share/cobot_moveit_config/package.sh'
[4.448s] INFO:colcon.colcon_core.shell:Creating package script '/home/stanislav/cobot_ws/install/cobot_moveit_config/share/cobot_moveit_config/package.bash'
[4.449s] INFO:colcon.colcon_core.shell:Creating package script '/home/stanislav/cobot_ws/install/cobot_moveit_config/share/cobot_moveit_config/package.zsh'
[4.450s] Level 1:colcon.colcon_core.environment:create_file_with_runtime_dependencies(/home/stanislav/cobot_ws/install/cobot_moveit_config/share/colcon-core/packages/cobot_moveit_config)
[4.451s] Level 1:colcon.colcon_core.environment:create_environment_scripts_only(cobot_moveit_config)
[4.452s] Level 1:colcon.colcon_core.environment:checking '/home/stanislav/cobot_ws/install/cobot_moveit_config' for CMake module files
[4.453s] Level 1:colcon.colcon_core.environment:checking '/home/stanislav/cobot_ws/install/cobot_moveit_config' for CMake config files
[4.454s] Level 1:colcon.colcon_core.shell:create_environment_hook('cobot_moveit_config', 'cmake_prefix_path')
[4.454s] INFO:colcon.colcon_core.shell:Creating environment hook '/home/stanislav/cobot_ws/install/cobot_moveit_config/share/cobot_moveit_config/hook/cmake_prefix_path.ps1'
[4.455s] INFO:colcon.colcon_core.shell:Creating environment descriptor '/home/stanislav/cobot_ws/install/cobot_moveit_config/share/cobot_moveit_config/hook/cmake_prefix_path.dsv'
[4.456s] INFO:colcon.colcon_core.shell:Creating environment hook '/home/stanislav/cobot_ws/install/cobot_moveit_config/share/cobot_moveit_config/hook/cmake_prefix_path.sh'
[4.458s] Level 1:colcon.colcon_core.environment:checking '/home/stanislav/cobot_ws/install/cobot_moveit_config/bin'
[4.458s] Level 1:colcon.colcon_core.environment:checking '/home/stanislav/cobot_ws/install/cobot_moveit_config/lib/pkgconfig/cobot_moveit_config.pc'
[4.459s] Level 1:colcon.colcon_core.environment:checking '/home/stanislav/cobot_ws/install/cobot_moveit_config/lib/python3.12/site-packages'
[4.460s] Level 1:colcon.colcon_core.environment:checking '/home/stanislav/cobot_ws/install/cobot_moveit_config/bin'
[4.460s] INFO:colcon.colcon_core.shell:Creating package script '/home/stanislav/cobot_ws/install/cobot_moveit_config/share/cobot_moveit_config/package.ps1'
[4.462s] INFO:colcon.colcon_core.shell:Creating package descriptor '/home/stanislav/cobot_ws/install/cobot_moveit_config/share/cobot_moveit_config/package.dsv'
[4.463s] INFO:colcon.colcon_core.shell:Creating package script '/home/stanislav/cobot_ws/install/cobot_moveit_config/share/cobot_moveit_config/package.sh'
[4.464s] INFO:colcon.colcon_core.shell:Creating package script '/home/stanislav/cobot_ws/install/cobot_moveit_config/share/cobot_moveit_config/package.bash'
[4.465s] INFO:colcon.colcon_core.shell:Creating package script '/home/stanislav/cobot_ws/install/cobot_moveit_config/share/cobot_moveit_config/package.zsh'
[4.467s] Level 1:colcon.colcon_core.environment:create_file_with_runtime_dependencies(/home/stanislav/cobot_ws/install/cobot_moveit_config/share/colcon-core/packages/cobot_moveit_config)
[4.467s] DEBUG:colcon.colcon_parallel_executor.executor.parallel:closing loop
[4.468s] DEBUG:colcon.colcon_parallel_executor.executor.parallel:loop closed
[4.468s] DEBUG:colcon.colcon_parallel_executor.executor.parallel:run_until_complete finished with '0'
[4.468s] DEBUG:colcon.colcon_core.event_reactor:joining thread
[4.485s] INFO:colcon.colcon_core.plugin_system:Skipping extension 'colcon_notification.desktop_notification.terminal_notifier': Not used on non-Darwin systems
[4.485s] INFO:colcon.colcon_core.plugin_system:Skipping extension 'colcon_notification.desktop_notification.win32': Not used on non-Windows systems
[4.485s] INFO:colcon.colcon_notification.desktop_notification:Sending desktop notification using 'notify2'
[4.519s] DEBUG:colcon.colcon_core.event_reactor:joined thread
[4.519s] INFO:colcon.colcon_core.shell:Creating prefix script '/home/stanislav/cobot_ws/install/local_setup.ps1'
[4.523s] INFO:colcon.colcon_core.shell:Creating prefix util module '/home/stanislav/cobot_ws/install/_local_setup_util_ps1.py'
[4.528s] INFO:colcon.colcon_core.shell:Creating prefix chain script '/home/stanislav/cobot_ws/install/setup.ps1'
[4.533s] INFO:colcon.colcon_core.shell:Creating prefix script '/home/stanislav/cobot_ws/install/local_setup.sh'
[4.535s] INFO:colcon.colcon_core.shell:Creating prefix util module '/home/stanislav/cobot_ws/install/_local_setup_util_sh.py'
[4.537s] INFO:colcon.colcon_core.shell:Creating prefix chain script '/home/stanislav/cobot_ws/install/setup.sh'
[4.540s] INFO:colcon.colcon_core.shell:Creating prefix script '/home/stanislav/cobot_ws/install/local_setup.bash'
[4.540s] INFO:colcon.colcon_core.shell:Creating prefix chain script '/home/stanislav/cobot_ws/install/setup.bash'
[4.542s] INFO:colcon.colcon_core.shell:Creating prefix script '/home/stanislav/cobot_ws/install/local_setup.zsh'
[4.542s] INFO:colcon.colcon_core.shell:Creating prefix chain script '/home/stanislav/cobot_ws/install/setup.zsh'
