[2.119s] Invoking command in '/home/stanislav/cobot_ws/src/cobot_driver': DEBUGINFOD_URLS=https://debuginfod.ubuntu.com PYTHONPATH=/home/stanislav/cobot_ws/build/cobot_driver/prefix_override:/usr/lib/python3/dist-packages/colcon_core/task/python/colcon_distutils_commands:/home/stanislav/cobot_ws/install/cobot_driver/lib/python3.12/site-packages:${PYTHONPATH} /usr/bin/python3 -W ignore:setup.py install is deprecated -W ignore:easy_install command is deprecated setup.py egg_info --egg-base ../../build/cobot_driver build --build-base /home/stanislav/cobot_ws/build/cobot_driver/build install --record /home/stanislav/cobot_ws/build/cobot_driver/install.log --single-version-externally-managed
[2.515s] running egg_info
[2.548s] writing ../../build/cobot_driver/cobot_driver.egg-info/PKG-INFO
[2.548s] writing dependency_links to ../../build/cobot_driver/cobot_driver.egg-info/dependency_links.txt
[2.548s] writing entry points to ../../build/cobot_driver/cobot_driver.egg-info/entry_points.txt
[2.549s] writing requirements to ../../build/cobot_driver/cobot_driver.egg-info/requires.txt
[2.549s] writing top-level names to ../../build/cobot_driver/cobot_driver.egg-info/top_level.txt
[2.617s] reading manifest file '../../build/cobot_driver/cobot_driver.egg-info/SOURCES.txt'
[2.618s] writing manifest file '../../build/cobot_driver/cobot_driver.egg-info/SOURCES.txt'
[2.619s] running build
[2.619s] running build_py
[2.619s] running install
[2.629s] running install_lib
[2.664s] running install_egg_info
[2.699s] removing '/home/stanislav/cobot_ws/install/cobot_driver/lib/python3.12/site-packages/cobot_driver-0.0.1-py3.12.egg-info' (and everything under it)
[2.699s] Copying ../../build/cobot_driver/cobot_driver.egg-info to /home/stanislav/cobot_ws/install/cobot_driver/lib/python3.12/site-packages/cobot_driver-0.0.1-py3.12.egg-info
[2.701s] running install_scripts
[2.916s] Installing servo_bridge script to /home/stanislav/cobot_ws/install/cobot_driver/lib/cobot_driver
[2.916s] writing list of installed files to '/home/stanislav/cobot_ws/build/cobot_driver/install.log'
[2.992s] Invoked command in '/home/stanislav/cobot_ws/src/cobot_driver' returned '0': DEBUGINFOD_URLS=https://debuginfod.ubuntu.com PYTHONPATH=/home/stanislav/cobot_ws/build/cobot_driver/prefix_override:/usr/lib/python3/dist-packages/colcon_core/task/python/colcon_distutils_commands:/home/stanislav/cobot_ws/install/cobot_driver/lib/python3.12/site-packages:${PYTHONPATH} /usr/bin/python3 -W ignore:setup.py install is deprecated -W ignore:easy_install command is deprecated setup.py egg_info --egg-base ../../build/cobot_driver build --build-base /home/stanislav/cobot_ws/build/cobot_driver/build install --record /home/stanislav/cobot_ws/build/cobot_driver/install.log --single-version-externally-managed
