running egg_info
creating ../../build/cobot_driver/cobot_driver.egg-info
writing ../../build/cobot_driver/cobot_driver.egg-info/PKG-INFO
writing dependency_links to ../../build/cobot_driver/cobot_driver.egg-info/dependency_links.txt
writing entry points to ../../build/cobot_driver/cobot_driver.egg-info/entry_points.txt
writing requirements to ../../build/cobot_driver/cobot_driver.egg-info/requires.txt
writing top-level names to ../../build/cobot_driver/cobot_driver.egg-info/top_level.txt
writing manifest file '../../build/cobot_driver/cobot_driver.egg-info/SOURCES.txt'
reading manifest file '../../build/cobot_driver/cobot_driver.egg-info/SOURCES.txt'
writing manifest file '../../build/cobot_driver/cobot_driver.egg-info/SOURCES.txt'
running build
running build_py
creating /home/stanislav/cobot_ws/build/cobot_driver/build
creating /home/stanislav/cobot_ws/build/cobot_driver/build/lib
creating /home/stanislav/cobot_ws/build/cobot_driver/build/lib/cobot_driver
copying cobot_driver/servo_bridge_node.py -> /home/stanislav/cobot_ws/build/cobot_driver/build/lib/cobot_driver
copying cobot_driver/__init__.py -> /home/stanislav/cobot_ws/build/cobot_driver/build/lib/cobot_driver
copying cobot_driver/servo_driver_node.py -> /home/stanislav/cobot_ws/build/cobot_driver/build/lib/cobot_driver
running install
running install_lib
creating /home/stanislav/cobot_ws/install/cobot_driver/lib/python3.12/site-packages/cobot_driver
copying /home/stanislav/cobot_ws/build/cobot_driver/build/lib/cobot_driver/servo_bridge_node.py -> /home/stanislav/cobot_ws/install/cobot_driver/lib/python3.12/site-packages/cobot_driver
copying /home/stanislav/cobot_ws/build/cobot_driver/build/lib/cobot_driver/__init__.py -> /home/stanislav/cobot_ws/install/cobot_driver/lib/python3.12/site-packages/cobot_driver
copying /home/stanislav/cobot_ws/build/cobot_driver/build/lib/cobot_driver/servo_driver_node.py -> /home/stanislav/cobot_ws/install/cobot_driver/lib/python3.12/site-packages/cobot_driver
byte-compiling /home/stanislav/cobot_ws/install/cobot_driver/lib/python3.12/site-packages/cobot_driver/servo_bridge_node.py to servo_bridge_node.cpython-312.pyc
byte-compiling /home/stanislav/cobot_ws/install/cobot_driver/lib/python3.12/site-packages/cobot_driver/__init__.py to __init__.cpython-312.pyc
byte-compiling /home/stanislav/cobot_ws/install/cobot_driver/lib/python3.12/site-packages/cobot_driver/servo_driver_node.py to servo_driver_node.cpython-312.pyc
running install_egg_info
Copying ../../build/cobot_driver/cobot_driver.egg-info to /home/stanislav/cobot_ws/install/cobot_driver/lib/python3.12/site-packages/cobot_driver-0.0.1-py3.12.egg-info
running install_scripts
Installing servo_bridge script to /home/stanislav/cobot_ws/install/cobot_driver/lib/cobot_driver
writing list of installed files to '/home/stanislav/cobot_ws/build/cobot_driver/install.log'
