[0.021s] Invoking command in '/home/stanislav/cobot_ws/build/cobot_moveit_config': AMENT_PREFIX_PATH=/home/stanislav/cobot_ws/install/cobot_description:/home/stanislav/cobot_ws/install/cobot_moveit_config:/home/stanislav/cobot_ws/install/cobot_hardware:/home/stanislav/cobot_ws/install/cobot_driver:/home/stanislav/cobot_ws/install/cobot_bringup:/opt/ros/jazzy CMAKE_PREFIX_PATH=${CMAKE_PREFIX_PATH}:/home/stanislav/cobot_ws/install/cobot_hardware:/home/stanislav/cobot_ws/install/cobot_driver:/home/stanislav/cobot_ws/install/cobot_description:/home/stanislav/cobot_ws/install/cobot_bringup:/opt/ros/jazzy DEBUGINFOD_URLS=https://debuginfod.ubuntu.com PYTHONPATH=/home/stanislav/cobot_ws/install/cobot_description/lib/python3.12/site-packages:/home/stanislav/cobot_ws/install/cobot_hardware/lib/python3.12/site-packages:/home/stanislav/cobot_ws/install/cobot_driver/lib/python3.12/site-packages:/home/stanislav/cobot_ws/install/cobot_bringup/lib/python3.12/site-packages:/opt/ros/jazzy/lib/python3.12/site-packages /usr/bin/cmake /home/stanislav/cobot_ws/src/cobot_moveit_config -DCMAKE_INSTALL_PREFIX=/home/stanislav/cobot_ws/install/cobot_moveit_config
[0.098s] -- The C compiler identification is GNU 13.3.0
[0.182s] -- The CXX compiler identification is GNU 13.3.0
[0.211s] -- Detecting C compiler ABI info
[0.357s] -- Detecting C compiler ABI info - done
[0.369s] -- Check for working C compiler: /usr/bin/cc - skipped
[0.369s] -- Detecting C compile features
[0.369s] -- Detecting C compile features - done
[0.387s] -- Detecting CXX compiler ABI info
[0.548s] -- Detecting CXX compiler ABI info - done
[0.562s] -- Check for working CXX compiler: /usr/bin/c++ - skipped
[0.562s] -- Detecting CXX compile features
[0.563s] -- Detecting CXX compile features - done
[0.567s] -- Found ament_cmake: 2.5.6 (/opt/ros/jazzy/share/ament_cmake/cmake)
[0.754s] -- Found Python3: /usr/bin/python3 (found version "3.12.3") found components: Interpreter 
[1.034s] -- Configuring done (1.0s)
[1.039s] -- Generating done (0.0s)
[1.041s] -- Build files have been written to: /home/stanislav/cobot_ws/build/cobot_moveit_config
[1.047s] Invoked command in '/home/stanislav/cobot_ws/build/cobot_moveit_config' returned '0': AMENT_PREFIX_PATH=/home/stanislav/cobot_ws/install/cobot_description:/home/stanislav/cobot_ws/install/cobot_moveit_config:/home/stanislav/cobot_ws/install/cobot_hardware:/home/stanislav/cobot_ws/install/cobot_driver:/home/stanislav/cobot_ws/install/cobot_bringup:/opt/ros/jazzy CMAKE_PREFIX_PATH=${CMAKE_PREFIX_PATH}:/home/stanislav/cobot_ws/install/cobot_hardware:/home/stanislav/cobot_ws/install/cobot_driver:/home/stanislav/cobot_ws/install/cobot_description:/home/stanislav/cobot_ws/install/cobot_bringup:/opt/ros/jazzy DEBUGINFOD_URLS=https://debuginfod.ubuntu.com PYTHONPATH=/home/stanislav/cobot_ws/install/cobot_description/lib/python3.12/site-packages:/home/stanislav/cobot_ws/install/cobot_hardware/lib/python3.12/site-packages:/home/stanislav/cobot_ws/install/cobot_driver/lib/python3.12/site-packages:/home/stanislav/cobot_ws/install/cobot_bringup/lib/python3.12/site-packages:/opt/ros/jazzy/lib/python3.12/site-packages /usr/bin/cmake /home/stanislav/cobot_ws/src/cobot_moveit_config -DCMAKE_INSTALL_PREFIX=/home/stanislav/cobot_ws/install/cobot_moveit_config
[1.050s] Invoking command in '/home/stanislav/cobot_ws/build/cobot_moveit_config': AMENT_PREFIX_PATH=/home/stanislav/cobot_ws/install/cobot_description:/home/stanislav/cobot_ws/install/cobot_moveit_config:/home/stanislav/cobot_ws/install/cobot_hardware:/home/stanislav/cobot_ws/install/cobot_driver:/home/stanislav/cobot_ws/install/cobot_bringup:/opt/ros/jazzy CMAKE_PREFIX_PATH=${CMAKE_PREFIX_PATH}:/home/stanislav/cobot_ws/install/cobot_hardware:/home/stanislav/cobot_ws/install/cobot_driver:/home/stanislav/cobot_ws/install/cobot_description:/home/stanislav/cobot_ws/install/cobot_bringup:/opt/ros/jazzy DEBUGINFOD_URLS=https://debuginfod.ubuntu.com PYTHONPATH=/home/stanislav/cobot_ws/install/cobot_description/lib/python3.12/site-packages:/home/stanislav/cobot_ws/install/cobot_hardware/lib/python3.12/site-packages:/home/stanislav/cobot_ws/install/cobot_driver/lib/python3.12/site-packages:/home/stanislav/cobot_ws/install/cobot_bringup/lib/python3.12/site-packages:/opt/ros/jazzy/lib/python3.12/site-packages /usr/bin/cmake --build /home/stanislav/cobot_ws/build/cobot_moveit_config -- -j8 -l8
[1.117s] Invoked command in '/home/stanislav/cobot_ws/build/cobot_moveit_config' returned '0': AMENT_PREFIX_PATH=/home/stanislav/cobot_ws/install/cobot_description:/home/stanislav/cobot_ws/install/cobot_moveit_config:/home/stanislav/cobot_ws/install/cobot_hardware:/home/stanislav/cobot_ws/install/cobot_driver:/home/stanislav/cobot_ws/install/cobot_bringup:/opt/ros/jazzy CMAKE_PREFIX_PATH=${CMAKE_PREFIX_PATH}:/home/stanislav/cobot_ws/install/cobot_hardware:/home/stanislav/cobot_ws/install/cobot_driver:/home/stanislav/cobot_ws/install/cobot_description:/home/stanislav/cobot_ws/install/cobot_bringup:/opt/ros/jazzy DEBUGINFOD_URLS=https://debuginfod.ubuntu.com PYTHONPATH=/home/stanislav/cobot_ws/install/cobot_description/lib/python3.12/site-packages:/home/stanislav/cobot_ws/install/cobot_hardware/lib/python3.12/site-packages:/home/stanislav/cobot_ws/install/cobot_driver/lib/python3.12/site-packages:/home/stanislav/cobot_ws/install/cobot_bringup/lib/python3.12/site-packages:/opt/ros/jazzy/lib/python3.12/site-packages /usr/bin/cmake --build /home/stanislav/cobot_ws/build/cobot_moveit_config -- -j8 -l8
[1.140s] Invoking command in '/home/stanislav/cobot_ws/build/cobot_moveit_config': AMENT_PREFIX_PATH=/home/stanislav/cobot_ws/install/cobot_description:/home/stanislav/cobot_ws/install/cobot_moveit_config:/home/stanislav/cobot_ws/install/cobot_hardware:/home/stanislav/cobot_ws/install/cobot_driver:/home/stanislav/cobot_ws/install/cobot_bringup:/opt/ros/jazzy CMAKE_PREFIX_PATH=${CMAKE_PREFIX_PATH}:/home/stanislav/cobot_ws/install/cobot_hardware:/home/stanislav/cobot_ws/install/cobot_driver:/home/stanislav/cobot_ws/install/cobot_description:/home/stanislav/cobot_ws/install/cobot_bringup:/opt/ros/jazzy DEBUGINFOD_URLS=https://debuginfod.ubuntu.com PYTHONPATH=/home/stanislav/cobot_ws/install/cobot_description/lib/python3.12/site-packages:/home/stanislav/cobot_ws/install/cobot_hardware/lib/python3.12/site-packages:/home/stanislav/cobot_ws/install/cobot_driver/lib/python3.12/site-packages:/home/stanislav/cobot_ws/install/cobot_bringup/lib/python3.12/site-packages:/opt/ros/jazzy/lib/python3.12/site-packages /usr/bin/cmake --install /home/stanislav/cobot_ws/build/cobot_moveit_config
[1.149s] -- Install configuration: ""
[1.149s] -- Installing: /home/stanislav/cobot_ws/install/cobot_moveit_config/share/ament_index/resource_index/package_run_dependencies/cobot_moveit_config
[1.150s] -- Installing: /home/stanislav/cobot_ws/install/cobot_moveit_config/share/ament_index/resource_index/parent_prefix_path/cobot_moveit_config
[1.150s] -- Installing: /home/stanislav/cobot_ws/install/cobot_moveit_config/share/cobot_moveit_config/environment/ament_prefix_path.sh
[1.150s] -- Installing: /home/stanislav/cobot_ws/install/cobot_moveit_config/share/cobot_moveit_config/environment/ament_prefix_path.dsv
[1.151s] -- Installing: /home/stanislav/cobot_ws/install/cobot_moveit_config/share/cobot_moveit_config/environment/path.sh
[1.151s] -- Installing: /home/stanislav/cobot_ws/install/cobot_moveit_config/share/cobot_moveit_config/environment/path.dsv
[1.151s] -- Installing: /home/stanislav/cobot_ws/install/cobot_moveit_config/share/cobot_moveit_config/local_setup.bash
[1.151s] -- Installing: /home/stanislav/cobot_ws/install/cobot_moveit_config/share/cobot_moveit_config/local_setup.sh
[1.152s] -- Installing: /home/stanislav/cobot_ws/install/cobot_moveit_config/share/cobot_moveit_config/local_setup.zsh
[1.152s] -- Installing: /home/stanislav/cobot_ws/install/cobot_moveit_config/share/cobot_moveit_config/local_setup.dsv
[1.153s] -- Installing: /home/stanislav/cobot_ws/install/cobot_moveit_config/share/cobot_moveit_config/package.dsv
[1.153s] -- Installing: /home/stanislav/cobot_ws/install/cobot_moveit_config/share/ament_index/resource_index/packages/cobot_moveit_config
[1.153s] -- Installing: /home/stanislav/cobot_ws/install/cobot_moveit_config/share/cobot_moveit_config/cmake/cobot_moveit_configConfig.cmake
[1.154s] -- Installing: /home/stanislav/cobot_ws/install/cobot_moveit_config/share/cobot_moveit_config/cmake/cobot_moveit_configConfig-version.cmake
[1.154s] -- Installing: /home/stanislav/cobot_ws/install/cobot_moveit_config/share/cobot_moveit_config/package.xml
[1.154s] -- Installing: /home/stanislav/cobot_ws/install/cobot_moveit_config/share/cobot_moveit_config/launch
[1.154s] -- Installing: /home/stanislav/cobot_ws/install/cobot_moveit_config/share/cobot_moveit_config/launch/warehouse_db.launch.py
[1.154s] -- Installing: /home/stanislav/cobot_ws/install/cobot_moveit_config/share/cobot_moveit_config/launch/static_virtual_joint_tfs.launch.py
[1.155s] -- Installing: /home/stanislav/cobot_ws/install/cobot_moveit_config/share/cobot_moveit_config/launch/setup_assistant.launch.py
[1.155s] -- Installing: /home/stanislav/cobot_ws/install/cobot_moveit_config/share/cobot_moveit_config/launch/move_group.launch.py
[1.155s] -- Installing: /home/stanislav/cobot_ws/install/cobot_moveit_config/share/cobot_moveit_config/launch/rsp.launch.py
[1.155s] -- Installing: /home/stanislav/cobot_ws/install/cobot_moveit_config/share/cobot_moveit_config/launch/moveit_rviz.launch.py
[1.155s] -- Installing: /home/stanislav/cobot_ws/install/cobot_moveit_config/share/cobot_moveit_config/launch/demo.launch.py
[1.156s] -- Installing: /home/stanislav/cobot_ws/install/cobot_moveit_config/share/cobot_moveit_config/launch/spawn_controllers.launch.py
[1.156s] -- Installing: /home/stanislav/cobot_ws/install/cobot_moveit_config/share/cobot_moveit_config/config
[1.157s] -- Installing: /home/stanislav/cobot_ws/install/cobot_moveit_config/share/cobot_moveit_config/config/pilz_cartesian_limits.yaml
[1.157s] -- Installing: /home/stanislav/cobot_ws/install/cobot_moveit_config/share/cobot_moveit_config/config/moveit.rviz
[1.158s] -- Installing: /home/stanislav/cobot_ws/install/cobot_moveit_config/share/cobot_moveit_config/config/kinematics.yaml
[1.158s] -- Installing: /home/stanislav/cobot_ws/install/cobot_moveit_config/share/cobot_moveit_config/config/cobot.urdf
[1.159s] -- Installing: /home/stanislav/cobot_ws/install/cobot_moveit_config/share/cobot_moveit_config/config/cobot.srdf
[1.159s] -- Installing: /home/stanislav/cobot_ws/install/cobot_moveit_config/share/cobot_moveit_config/config/joint_limits.yaml
[1.160s] -- Installing: /home/stanislav/cobot_ws/install/cobot_moveit_config/share/cobot_moveit_config/.setup_assistant
[1.160s] Invoked command in '/home/stanislav/cobot_ws/build/cobot_moveit_config' returned '0': AMENT_PREFIX_PATH=/home/stanislav/cobot_ws/install/cobot_description:/home/stanislav/cobot_ws/install/cobot_moveit_config:/home/stanislav/cobot_ws/install/cobot_hardware:/home/stanislav/cobot_ws/install/cobot_driver:/home/stanislav/cobot_ws/install/cobot_bringup:/opt/ros/jazzy CMAKE_PREFIX_PATH=${CMAKE_PREFIX_PATH}:/home/stanislav/cobot_ws/install/cobot_hardware:/home/stanislav/cobot_ws/install/cobot_driver:/home/stanislav/cobot_ws/install/cobot_description:/home/stanislav/cobot_ws/install/cobot_bringup:/opt/ros/jazzy DEBUGINFOD_URLS=https://debuginfod.ubuntu.com PYTHONPATH=/home/stanislav/cobot_ws/install/cobot_description/lib/python3.12/site-packages:/home/stanislav/cobot_ws/install/cobot_hardware/lib/python3.12/site-packages:/home/stanislav/cobot_ws/install/cobot_driver/lib/python3.12/site-packages:/home/stanislav/cobot_ws/install/cobot_bringup/lib/python3.12/site-packages:/opt/ros/jazzy/lib/python3.12/site-packages /usr/bin/cmake --install /home/stanislav/cobot_ws/build/cobot_moveit_config
