[0.031s] Invoking command in '/home/stanislav/cobot_ws/build/cobot_moveit_config': AMENT_PREFIX_PATH=/home/stanislav/cobot_ws/install/cobot_description:/home/stanislav/cobot_ws/install/cobot_moveit_config:/home/stanislav/cobot_ws/install/cobot_hardware:/home/stanislav/cobot_ws/install/cobot_driver:/home/stanislav/cobot_ws/install/cobot_bringup:/opt/ros/jazzy CMAKE_PREFIX_PATH=${CMAKE_PREFIX_PATH}:/home/stanislav/cobot_ws/install/cobot_hardware:/home/stanislav/cobot_ws/install/cobot_driver:/home/stanislav/cobot_ws/install/cobot_description:/home/stanislav/cobot_ws/install/cobot_bringup:/opt/ros/jazzy DEBUGINFOD_URLS=https://debuginfod.ubuntu.com PYTHONPATH=/home/stanislav/cobot_ws/install/cobot_description/lib/python3.12/site-packages:/home/stanislav/cobot_ws/install/cobot_hardware/lib/python3.12/site-packages:/home/stanislav/cobot_ws/install/cobot_driver/lib/python3.12/site-packages:/home/stanislav/cobot_ws/install/cobot_bringup/lib/python3.12/site-packages:/opt/ros/jazzy/lib/python3.12/site-packages /usr/bin/cmake --build /home/stanislav/cobot_ws/build/cobot_moveit_config -- -j8 -l8
[0.092s] Invoked command in '/home/stanislav/cobot_ws/build/cobot_moveit_config' returned '0': AMENT_PREFIX_PATH=/home/stanislav/cobot_ws/install/cobot_description:/home/stanislav/cobot_ws/install/cobot_moveit_config:/home/stanislav/cobot_ws/install/cobot_hardware:/home/stanislav/cobot_ws/install/cobot_driver:/home/stanislav/cobot_ws/install/cobot_bringup:/opt/ros/jazzy CMAKE_PREFIX_PATH=${CMAKE_PREFIX_PATH}:/home/stanislav/cobot_ws/install/cobot_hardware:/home/stanislav/cobot_ws/install/cobot_driver:/home/stanislav/cobot_ws/install/cobot_description:/home/stanislav/cobot_ws/install/cobot_bringup:/opt/ros/jazzy DEBUGINFOD_URLS=https://debuginfod.ubuntu.com PYTHONPATH=/home/stanislav/cobot_ws/install/cobot_description/lib/python3.12/site-packages:/home/stanislav/cobot_ws/install/cobot_hardware/lib/python3.12/site-packages:/home/stanislav/cobot_ws/install/cobot_driver/lib/python3.12/site-packages:/home/stanislav/cobot_ws/install/cobot_bringup/lib/python3.12/site-packages:/opt/ros/jazzy/lib/python3.12/site-packages /usr/bin/cmake --build /home/stanislav/cobot_ws/build/cobot_moveit_config -- -j8 -l8
[0.109s] Invoking command in '/home/stanislav/cobot_ws/build/cobot_moveit_config': AMENT_PREFIX_PATH=/home/stanislav/cobot_ws/install/cobot_description:/home/stanislav/cobot_ws/install/cobot_moveit_config:/home/stanislav/cobot_ws/install/cobot_hardware:/home/stanislav/cobot_ws/install/cobot_driver:/home/stanislav/cobot_ws/install/cobot_bringup:/opt/ros/jazzy CMAKE_PREFIX_PATH=${CMAKE_PREFIX_PATH}:/home/stanislav/cobot_ws/install/cobot_hardware:/home/stanislav/cobot_ws/install/cobot_driver:/home/stanislav/cobot_ws/install/cobot_description:/home/stanislav/cobot_ws/install/cobot_bringup:/opt/ros/jazzy DEBUGINFOD_URLS=https://debuginfod.ubuntu.com PYTHONPATH=/home/stanislav/cobot_ws/install/cobot_description/lib/python3.12/site-packages:/home/stanislav/cobot_ws/install/cobot_hardware/lib/python3.12/site-packages:/home/stanislav/cobot_ws/install/cobot_driver/lib/python3.12/site-packages:/home/stanislav/cobot_ws/install/cobot_bringup/lib/python3.12/site-packages:/opt/ros/jazzy/lib/python3.12/site-packages /usr/bin/cmake --install /home/stanislav/cobot_ws/build/cobot_moveit_config
[0.119s] -- Install configuration: ""
[0.119s] -- Up-to-date: /home/stanislav/cobot_ws/install/cobot_moveit_config/share/ament_index/resource_index/package_run_dependencies/cobot_moveit_config
[0.120s] -- Up-to-date: /home/stanislav/cobot_ws/install/cobot_moveit_config/share/ament_index/resource_index/parent_prefix_path/cobot_moveit_config
[0.120s] -- Up-to-date: /home/stanislav/cobot_ws/install/cobot_moveit_config/share/cobot_moveit_config/environment/ament_prefix_path.sh
[0.120s] -- Up-to-date: /home/stanislav/cobot_ws/install/cobot_moveit_config/share/cobot_moveit_config/environment/ament_prefix_path.dsv
[0.120s] -- Up-to-date: /home/stanislav/cobot_ws/install/cobot_moveit_config/share/cobot_moveit_config/environment/path.sh
[0.121s] -- Up-to-date: /home/stanislav/cobot_ws/install/cobot_moveit_config/share/cobot_moveit_config/environment/path.dsv
[0.121s] -- Up-to-date: /home/stanislav/cobot_ws/install/cobot_moveit_config/share/cobot_moveit_config/local_setup.bash
[0.121s] -- Up-to-date: /home/stanislav/cobot_ws/install/cobot_moveit_config/share/cobot_moveit_config/local_setup.sh
[0.121s] -- Up-to-date: /home/stanislav/cobot_ws/install/cobot_moveit_config/share/cobot_moveit_config/local_setup.zsh
[0.121s] -- Up-to-date: /home/stanislav/cobot_ws/install/cobot_moveit_config/share/cobot_moveit_config/local_setup.dsv
[0.121s] -- Up-to-date: /home/stanislav/cobot_ws/install/cobot_moveit_config/share/cobot_moveit_config/package.dsv
[0.122s] -- Up-to-date: /home/stanislav/cobot_ws/install/cobot_moveit_config/share/ament_index/resource_index/packages/cobot_moveit_config
[0.122s] -- Up-to-date: /home/stanislav/cobot_ws/install/cobot_moveit_config/share/cobot_moveit_config/cmake/cobot_moveit_configConfig.cmake
[0.122s] -- Up-to-date: /home/stanislav/cobot_ws/install/cobot_moveit_config/share/cobot_moveit_config/cmake/cobot_moveit_configConfig-version.cmake
[0.122s] -- Up-to-date: /home/stanislav/cobot_ws/install/cobot_moveit_config/share/cobot_moveit_config/package.xml
[0.122s] -- Up-to-date: /home/stanislav/cobot_ws/install/cobot_moveit_config/share/cobot_moveit_config/launch
[0.122s] -- Up-to-date: /home/stanislav/cobot_ws/install/cobot_moveit_config/share/cobot_moveit_config/launch/warehouse_db.launch.py
[0.122s] -- Up-to-date: /home/stanislav/cobot_ws/install/cobot_moveit_config/share/cobot_moveit_config/launch/static_virtual_joint_tfs.launch.py
[0.123s] -- Up-to-date: /home/stanislav/cobot_ws/install/cobot_moveit_config/share/cobot_moveit_config/launch/setup_assistant.launch.py
[0.123s] -- Up-to-date: /home/stanislav/cobot_ws/install/cobot_moveit_config/share/cobot_moveit_config/launch/move_group.launch.py
[0.123s] -- Installing: /home/stanislav/cobot_ws/install/cobot_moveit_config/share/cobot_moveit_config/launch/moveit.launch.py
[0.123s] -- Up-to-date: /home/stanislav/cobot_ws/install/cobot_moveit_config/share/cobot_moveit_config/launch/rsp.launch.py
[0.123s] -- Up-to-date: /home/stanislav/cobot_ws/install/cobot_moveit_config/share/cobot_moveit_config/launch/moveit_rviz.launch.py
[0.123s] -- Up-to-date: /home/stanislav/cobot_ws/install/cobot_moveit_config/share/cobot_moveit_config/launch/demo.launch.py
[0.123s] -- Up-to-date: /home/stanislav/cobot_ws/install/cobot_moveit_config/share/cobot_moveit_config/launch/spawn_controllers.launch.py
[0.124s] -- Up-to-date: /home/stanislav/cobot_ws/install/cobot_moveit_config/share/cobot_moveit_config/config
[0.124s] -- Up-to-date: /home/stanislav/cobot_ws/install/cobot_moveit_config/share/cobot_moveit_config/config/pilz_cartesian_limits.yaml
[0.124s] -- Up-to-date: /home/stanislav/cobot_ws/install/cobot_moveit_config/share/cobot_moveit_config/config/moveit.rviz
[0.124s] -- Up-to-date: /home/stanislav/cobot_ws/install/cobot_moveit_config/share/cobot_moveit_config/config/kinematics.yaml
[0.124s] -- Up-to-date: /home/stanislav/cobot_ws/install/cobot_moveit_config/share/cobot_moveit_config/config/cobot.urdf
[0.124s] -- Up-to-date: /home/stanislav/cobot_ws/install/cobot_moveit_config/share/cobot_moveit_config/config/cobot.srdf
[0.125s] -- Up-to-date: /home/stanislav/cobot_ws/install/cobot_moveit_config/share/cobot_moveit_config/config/joint_limits.yaml
[0.125s] -- Up-to-date: /home/stanislav/cobot_ws/install/cobot_moveit_config/share/cobot_moveit_config/.setup_assistant
[0.127s] Invoked command in '/home/stanislav/cobot_ws/build/cobot_moveit_config' returned '0': AMENT_PREFIX_PATH=/home/stanislav/cobot_ws/install/cobot_description:/home/stanislav/cobot_ws/install/cobot_moveit_config:/home/stanislav/cobot_ws/install/cobot_hardware:/home/stanislav/cobot_ws/install/cobot_driver:/home/stanislav/cobot_ws/install/cobot_bringup:/opt/ros/jazzy CMAKE_PREFIX_PATH=${CMAKE_PREFIX_PATH}:/home/stanislav/cobot_ws/install/cobot_hardware:/home/stanislav/cobot_ws/install/cobot_driver:/home/stanislav/cobot_ws/install/cobot_description:/home/stanislav/cobot_ws/install/cobot_bringup:/opt/ros/jazzy DEBUGINFOD_URLS=https://debuginfod.ubuntu.com PYTHONPATH=/home/stanislav/cobot_ws/install/cobot_description/lib/python3.12/site-packages:/home/stanislav/cobot_ws/install/cobot_hardware/lib/python3.12/site-packages:/home/stanislav/cobot_ws/install/cobot_driver/lib/python3.12/site-packages:/home/stanislav/cobot_ws/install/cobot_bringup/lib/python3.12/site-packages:/opt/ros/jazzy/lib/python3.12/site-packages /usr/bin/cmake --install /home/stanislav/cobot_ws/build/cobot_moveit_config
