running egg_info
creating ../../build/cobot_hardware/cobot_hardware.egg-info
writing ../../build/cobot_hardware/cobot_hardware.egg-info/PKG-INFO
writing dependency_links to ../../build/cobot_hardware/cobot_hardware.egg-info/dependency_links.txt
writing entry points to ../../build/cobot_hardware/cobot_hardware.egg-info/entry_points.txt
writing requirements to ../../build/cobot_hardware/cobot_hardware.egg-info/requires.txt
writing top-level names to ../../build/cobot_hardware/cobot_hardware.egg-info/top_level.txt
writing manifest file '../../build/cobot_hardware/cobot_hardware.egg-info/SOURCES.txt'
reading manifest file '../../build/cobot_hardware/cobot_hardware.egg-info/SOURCES.txt'
writing manifest file '../../build/cobot_hardware/cobot_hardware.egg-info/SOURCES.txt'
running build
running build_py
creating /home/stanislav/cobot_ws/build/cobot_hardware/build
creating /home/stanislav/cobot_ws/build/cobot_hardware/build/lib
creating /home/stanislav/cobot_ws/build/cobot_hardware/build/lib/cobot_hardware
copying cobot_hardware/__init__.py -> /home/stanislav/cobot_ws/build/cobot_hardware/build/lib/cobot_hardware
copying cobot_hardware/servo_hardware.py -> /home/stanislav/cobot_ws/build/cobot_hardware/build/lib/cobot_hardware
running install
running install_lib
creating /home/stanislav/cobot_ws/install/cobot_hardware/lib/python3.12/site-packages/cobot_hardware
copying /home/stanislav/cobot_ws/build/cobot_hardware/build/lib/cobot_hardware/__init__.py -> /home/stanislav/cobot_ws/install/cobot_hardware/lib/python3.12/site-packages/cobot_hardware
copying /home/stanislav/cobot_ws/build/cobot_hardware/build/lib/cobot_hardware/servo_hardware.py -> /home/stanislav/cobot_ws/install/cobot_hardware/lib/python3.12/site-packages/cobot_hardware
byte-compiling /home/stanislav/cobot_ws/install/cobot_hardware/lib/python3.12/site-packages/cobot_hardware/__init__.py to __init__.cpython-312.pyc
byte-compiling /home/stanislav/cobot_ws/install/cobot_hardware/lib/python3.12/site-packages/cobot_hardware/servo_hardware.py to servo_hardware.cpython-312.pyc
running install_data
creating /home/stanislav/cobot_ws/install/cobot_hardware/share/ament_index
creating /home/stanislav/cobot_ws/install/cobot_hardware/share/ament_index/resource_index
creating /home/stanislav/cobot_ws/install/cobot_hardware/share/ament_index/resource_index/packages
copying resource/cobot_hardware -> /home/stanislav/cobot_ws/install/cobot_hardware/share/ament_index/resource_index/packages
copying package.xml -> /home/stanislav/cobot_ws/install/cobot_hardware/share/cobot_hardware
creating /home/stanislav/cobot_ws/install/cobot_hardware/share/ament_index/resource_index/ros2_control__hardware_interface
copying resource/servo_hardware -> /home/stanislav/cobot_ws/install/cobot_hardware/share/ament_index/resource_index/ros2_control__hardware_interface
running install_egg_info
Copying ../../build/cobot_hardware/cobot_hardware.egg-info to /home/stanislav/cobot_ws/install/cobot_hardware/lib/python3.12/site-packages/cobot_hardware-0.0.0-py3.12.egg-info
running install_scripts
writing list of installed files to '/home/stanislav/cobot_ws/build/cobot_hardware/install.log'
