[2.099s] Invoking command in '/home/stanislav/cobot_ws/src/cobot_hardware': DEBUGINFOD_URLS=https://debuginfod.ubuntu.com PYTHONPATH=/home/stanislav/cobot_ws/build/cobot_hardware/prefix_override:/usr/lib/python3/dist-packages/colcon_core/task/python/colcon_distutils_commands:/home/stanislav/cobot_ws/install/cobot_hardware/lib/python3.12/site-packages:${PYTHONPATH} /usr/bin/python3 -W ignore:setup.py install is deprecated -W ignore:easy_install command is deprecated setup.py egg_info --egg-base ../../build/cobot_hardware build --build-base /home/stanislav/cobot_ws/build/cobot_hardware/build install --record /home/stanislav/cobot_ws/build/cobot_hardware/install.log --single-version-externally-managed install_data
[2.517s] running egg_info
[2.517s] creating ../../build/cobot_hardware/cobot_hardware.egg-info
[2.547s] writing ../../build/cobot_hardware/cobot_hardware.egg-info/PKG-INFO
[2.547s] writing dependency_links to ../../build/cobot_hardware/cobot_hardware.egg-info/dependency_links.txt
[2.547s] writing entry points to ../../build/cobot_hardware/cobot_hardware.egg-info/entry_points.txt
[2.548s] writing requirements to ../../build/cobot_hardware/cobot_hardware.egg-info/requires.txt
[2.548s] writing top-level names to ../../build/cobot_hardware/cobot_hardware.egg-info/top_level.txt
[2.548s] writing manifest file '../../build/cobot_hardware/cobot_hardware.egg-info/SOURCES.txt'
[2.613s] reading manifest file '../../build/cobot_hardware/cobot_hardware.egg-info/SOURCES.txt'
[2.614s] writing manifest file '../../build/cobot_hardware/cobot_hardware.egg-info/SOURCES.txt'
[2.615s] running build
[2.615s] running build_py
[2.615s] creating /home/stanislav/cobot_ws/build/cobot_hardware/build
[2.615s] creating /home/stanislav/cobot_ws/build/cobot_hardware/build/lib
[2.616s] creating /home/stanislav/cobot_ws/build/cobot_hardware/build/lib/cobot_hardware
[2.616s] copying cobot_hardware/__init__.py -> /home/stanislav/cobot_ws/build/cobot_hardware/build/lib/cobot_hardware
[2.616s] copying cobot_hardware/servo_hardware.py -> /home/stanislav/cobot_ws/build/cobot_hardware/build/lib/cobot_hardware
[2.616s] running install
[2.625s] running install_lib
[2.658s] creating /home/stanislav/cobot_ws/install/cobot_hardware/lib/python3.12/site-packages/cobot_hardware
[2.659s] copying /home/stanislav/cobot_ws/build/cobot_hardware/build/lib/cobot_hardware/__init__.py -> /home/stanislav/cobot_ws/install/cobot_hardware/lib/python3.12/site-packages/cobot_hardware
[2.659s] copying /home/stanislav/cobot_ws/build/cobot_hardware/build/lib/cobot_hardware/servo_hardware.py -> /home/stanislav/cobot_ws/install/cobot_hardware/lib/python3.12/site-packages/cobot_hardware
[2.660s] byte-compiling /home/stanislav/cobot_ws/install/cobot_hardware/lib/python3.12/site-packages/cobot_hardware/__init__.py to __init__.cpython-312.pyc
[2.660s] byte-compiling /home/stanislav/cobot_ws/install/cobot_hardware/lib/python3.12/site-packages/cobot_hardware/servo_hardware.py to servo_hardware.cpython-312.pyc
[2.661s] running install_data
[2.661s] creating /home/stanislav/cobot_ws/install/cobot_hardware/share/ament_index
[2.661s] creating /home/stanislav/cobot_ws/install/cobot_hardware/share/ament_index/resource_index
[2.662s] creating /home/stanislav/cobot_ws/install/cobot_hardware/share/ament_index/resource_index/packages
[2.662s] copying resource/cobot_hardware -> /home/stanislav/cobot_ws/install/cobot_hardware/share/ament_index/resource_index/packages
[2.662s] copying package.xml -> /home/stanislav/cobot_ws/install/cobot_hardware/share/cobot_hardware
[2.662s] creating /home/stanislav/cobot_ws/install/cobot_hardware/share/ament_index/resource_index/ros2_control__hardware_interface
[2.662s] copying resource/servo_hardware -> /home/stanislav/cobot_ws/install/cobot_hardware/share/ament_index/resource_index/ros2_control__hardware_interface
[2.663s] running install_egg_info
[2.698s] Copying ../../build/cobot_hardware/cobot_hardware.egg-info to /home/stanislav/cobot_ws/install/cobot_hardware/lib/python3.12/site-packages/cobot_hardware-0.0.0-py3.12.egg-info
[2.700s] running install_scripts
[2.910s] writing list of installed files to '/home/stanislav/cobot_ws/build/cobot_hardware/install.log'
[2.981s] Invoked command in '/home/stanislav/cobot_ws/src/cobot_hardware' returned '0': DEBUGINFOD_URLS=https://debuginfod.ubuntu.com PYTHONPATH=/home/stanislav/cobot_ws/build/cobot_hardware/prefix_override:/usr/lib/python3/dist-packages/colcon_core/task/python/colcon_distutils_commands:/home/stanislav/cobot_ws/install/cobot_hardware/lib/python3.12/site-packages:${PYTHONPATH} /usr/bin/python3 -W ignore:setup.py install is deprecated -W ignore:easy_install command is deprecated setup.py egg_info --egg-base ../../build/cobot_hardware build --build-base /home/stanislav/cobot_ws/build/cobot_hardware/build install --record /home/stanislav/cobot_ws/build/cobot_hardware/install.log --single-version-externally-managed install_data
