[2.136s] Invoking command in '/home/stanislav/cobot_ws/src/cobot_hardware': DEBUGINFOD_URLS=https://debuginfod.ubuntu.com PYTHONPATH=/home/stanislav/cobot_ws/build/cobot_hardware/prefix_override:/usr/lib/python3/dist-packages/colcon_core/task/python/colcon_distutils_commands:/home/stanislav/cobot_ws/install/cobot_hardware/lib/python3.12/site-packages:${PYTHONPATH} /usr/bin/python3 -W ignore:setup.py install is deprecated -W ignore:easy_install command is deprecated setup.py egg_info --egg-base ../../build/cobot_hardware build --build-base /home/stanislav/cobot_ws/build/cobot_hardware/build install --record /home/stanislav/cobot_ws/build/cobot_hardware/install.log --single-version-externally-managed install_data
[2.576s] running egg_info
[2.610s] writing ../../build/cobot_hardware/cobot_hardware.egg-info/PKG-INFO
[2.610s] writing dependency_links to ../../build/cobot_hardware/cobot_hardware.egg-info/dependency_links.txt
[2.610s] writing entry points to ../../build/cobot_hardware/cobot_hardware.egg-info/entry_points.txt
[2.611s] writing requirements to ../../build/cobot_hardware/cobot_hardware.egg-info/requires.txt
[2.611s] writing top-level names to ../../build/cobot_hardware/cobot_hardware.egg-info/top_level.txt
[2.675s] reading manifest file '../../build/cobot_hardware/cobot_hardware.egg-info/SOURCES.txt'
[2.676s] writing manifest file '../../build/cobot_hardware/cobot_hardware.egg-info/SOURCES.txt'
[2.677s] running build
[2.677s] running build_py
[2.677s] running install
[2.687s] running install_lib
[2.721s] running install_data
[2.721s] running install_egg_info
[2.755s] removing '/home/stanislav/cobot_ws/install/cobot_hardware/lib/python3.12/site-packages/cobot_hardware-0.0.0-py3.12.egg-info' (and everything under it)
[2.755s] Copying ../../build/cobot_hardware/cobot_hardware.egg-info to /home/stanislav/cobot_ws/install/cobot_hardware/lib/python3.12/site-packages/cobot_hardware-0.0.0-py3.12.egg-info
[2.757s] running install_scripts
[2.970s] writing list of installed files to '/home/stanislav/cobot_ws/build/cobot_hardware/install.log'
[3.039s] Invoked command in '/home/stanislav/cobot_ws/src/cobot_hardware' returned '0': DEBUGINFOD_URLS=https://debuginfod.ubuntu.com PYTHONPATH=/home/stanislav/cobot_ws/build/cobot_hardware/prefix_override:/usr/lib/python3/dist-packages/colcon_core/task/python/colcon_distutils_commands:/home/stanislav/cobot_ws/install/cobot_hardware/lib/python3.12/site-packages:${PYTHONPATH} /usr/bin/python3 -W ignore:setup.py install is deprecated -W ignore:easy_install command is deprecated setup.py egg_info --egg-base ../../build/cobot_hardware build --build-base /home/stanislav/cobot_ws/build/cobot_hardware/build install --record /home/stanislav/cobot_ws/build/cobot_hardware/install.log --single-version-externally-managed install_data
