running egg_info
creating ../../build/cobot_bringup/cobot_bringup.egg-info
writing ../../build/cobot_bringup/cobot_bringup.egg-info/PKG-INFO
writing dependency_links to ../../build/cobot_bringup/cobot_bringup.egg-info/dependency_links.txt
writing requirements to ../../build/cobot_bringup/cobot_bringup.egg-info/requires.txt
writing top-level names to ../../build/cobot_bringup/cobot_bringup.egg-info/top_level.txt
writing manifest file '../../build/cobot_bringup/cobot_bringup.egg-info/SOURCES.txt'
reading manifest file '../../build/cobot_bringup/cobot_bringup.egg-info/SOURCES.txt'
writing manifest file '../../build/cobot_bringup/cobot_bringup.egg-info/SOURCES.txt'
running build
running build_py
creating /home/stanislav/cobot_ws/build/cobot_bringup/build
creating /home/stanislav/cobot_ws/build/cobot_bringup/build/lib
creating /home/stanislav/cobot_ws/build/cobot_bringup/build/lib/cobot_bringup
copying cobot_bringup/__init__.py -> /home/stanislav/cobot_ws/build/cobot_bringup/build/lib/cobot_bringup
running install
running install_lib
creating /home/stanislav/cobot_ws/install/cobot_bringup/lib/python3.12/site-packages/cobot_bringup
copying /home/stanislav/cobot_ws/build/cobot_bringup/build/lib/cobot_bringup/__init__.py -> /home/stanislav/cobot_ws/install/cobot_bringup/lib/python3.12/site-packages/cobot_bringup
byte-compiling /home/stanislav/cobot_ws/install/cobot_bringup/lib/python3.12/site-packages/cobot_bringup/__init__.py to __init__.cpython-312.pyc
running install_data
creating /home/stanislav/cobot_ws/install/cobot_bringup/share/ament_index
creating /home/stanislav/cobot_ws/install/cobot_bringup/share/ament_index/resource_index
creating /home/stanislav/cobot_ws/install/cobot_bringup/share/ament_index/resource_index/packages
copying resource/cobot_bringup -> /home/stanislav/cobot_ws/install/cobot_bringup/share/ament_index/resource_index/packages
copying package.xml -> /home/stanislav/cobot_ws/install/cobot_bringup/share/cobot_bringup
creating /home/stanislav/cobot_ws/install/cobot_bringup/share/cobot_bringup/launch
copying launch/bringup.launch.py -> /home/stanislav/cobot_ws/install/cobot_bringup/share/cobot_bringup/launch
creating /home/stanislav/cobot_ws/install/cobot_bringup/share/cobot_bringup/config
copying config/controllers.yaml -> /home/stanislav/cobot_ws/install/cobot_bringup/share/cobot_bringup/config
running install_egg_info
Copying ../../build/cobot_bringup/cobot_bringup.egg-info to /home/stanislav/cobot_ws/install/cobot_bringup/lib/python3.12/site-packages/cobot_bringup-0.0.1-py3.12.egg-info
running install_scripts
writing list of installed files to '/home/stanislav/cobot_ws/build/cobot_bringup/install.log'
